Unusable basins: 13
{'09AA004', '08LD003', '08MG022', '08LF023', '08AA007', '09AE002', '08MG020', '07QD002', '07SB017', '08KH011', '06DA001', '07BJ006', '05RE002'}
File ../CAMELS_spat_NH/CAMELS_spat_CAN/01AD002.csv already exists
File ../CAMELS_spat_NH/CAMELS_spat_CAN/01AD003.csv already exists
File ../CAMELS_spat_NH/CAMELS_spat_CAN/01AE001.csv already exists
File ../CAMELS_spat_NH/CAMELS_spat_CAN/01AF007.csv already exists
File ../CAMELS_spat_NH/CAMELS_spat_CAN/01AF009.csv already exists
File ../CAMELS_spat_NH/CAMELS_spat_CAN/01AJ003.csv already exists
File ../CAMELS_spat_NH/CAMELS_spat_CAN/01AJ004.csv already exists
File ../CAMELS_spat_NH/CAMELS_spat_CAN/01AJ010.csv already exists
File ../CAMELS_spat_NH/CAMELS_spat_CAN/01AK001.csv already exists
File ../CAMELS_spat_NH/CAMELS_spat_CAN/01AK006.csv already exists
File ../CAMELS_spat_NH/CAMELS_spat_CAN/01AK007.csv already exists
File ../CAMELS_spat_NH/CAMELS_spat_CAN/01AL002.csv already exists
File ../CAMELS_spat_NH/CAMELS_spat_CAN/01AL004.csv already exists
File ../CAMELS_spat_NH/CAMELS_spat_CAN/01AM001.csv already exists
File ../CAMELS_spat_NH/CAMELS_spat_CAN/01AN002.csv already exists
File ../CAMELS_spat_NH/CAMELS_spat_CAN/01AP002.csv already exists
File ../CAMELS_spat_NH/CAMELS_spat_CAN/01AP004.csv already exists
File ../CAMELS_spat_NH/CAMELS_spat_CAN/01AP006.csv already exists
File ../CAMELS_spat_NH/CAMELS_spat_CAN/01AQ001.csv already exists
File ../CAMELS_spat_NH/CAMELS_spat_CAN/01BC001.csv already exists
File ../CAMELS_spat_NH/CAMELS_spat_CAN/01BD008.csv already exists
File ../CAMELS_spat_NH/CAMELS_spat_CAN/01BE001.csv already exists
File ../CAMELS_spat_NH/CAMELS_spat_CAN/01BG005.csv already exists
File ../CAMELS_spat_NH/CAMELS_spat_CAN/01BG008.csv already exists
File ../CAMELS_spat_NH/CAMELS_spat_CAN/01BG009.csv already exists
File ../CAMELS_spat_NH/CAMELS_spat_CAN/01BH005.csv already exists
File ../CAMELS_spat_NH/CAMELS_spat_CAN/01BH010.csv already exists
File ../CAMELS_spat_NH/CAMELS_spat_CAN/01BJ003.csv already exists
File ../CAMELS_spat_NH/CAMELS_spat_CAN/01BJ007.csv already exists
File ../CAMELS_spat_NH/CAMELS_spat_CAN/01BJ010.csv already exists
File ../CAMELS_spat_NH/CAMELS_spat_CAN/01BJ012.csv already exists
File ../CAMELS_spat_NH/CAMELS_spat_CAN/01BL002.csv already exists
File ../CAMELS_spat_NH/CAMELS_spat_CAN/01BL003.csv already exists
File ../CAMELS_spat_NH/CAMELS_spat_CAN/01BO001.csv already exists
File ../CAMELS_spat_NH/CAMELS_spat_CAN/01BP001.csv already exists
File ../CAMELS_spat_NH/CAMELS_spat_CAN/01BP002.csv already exists
File ../CAMELS_spat_NH/CAMELS_spat_CAN/01BQ001.csv already exists
File ../CAMELS_spat_NH/CAMELS_spat_CAN/01BS001.csv already exists
File ../CAMELS_spat_NH/CAMELS_spat_CAN/01BU002.csv already exists
File ../CAMELS_spat_NH/CAMELS_spat_CAN/01BU009.csv already exists
File ../CAMELS_spat_NH/CAMELS_spat_CAN/01BV004.csv already exists
File ../CAMELS_spat_NH/CAMELS_spat_CAN/01BV006.csv already exists
File ../CAMELS_spat_NH/CAMELS_spat_CAN/01CA003.csv already exists
File ../CAMELS_spat_NH/CAMELS_spat_CAN/01CC005.csv already exists
File ../CAMELS_spat_NH/CAMELS_spat_CAN/01CD005.csv already exists
File ../CAMELS_spat_NH/CAMELS_spat_CAN/01DG003.csv already exists
File ../CAMELS_spat_NH/CAMELS_spat_CAN/01DJ005.csv already exists
File ../CAMELS_spat_NH/CAMELS_spat_CAN/01DL001.csv already exists
File ../CAMELS_spat_NH/CAMELS_spat_CAN/01DP004.csv already exists
File ../CAMELS_spat_NH/CAMELS_spat_CAN/01DR001.csv already exists
File ../CAMELS_spat_NH/CAMELS_spat_CAN/01EC001.csv already exists
File ../CAMELS_spat_NH/CAMELS_spat_CAN/01ED005.csv already exists
File ../CAMELS_spat_NH/CAMELS_spat_CAN/01ED007.csv already exists
File ../CAMELS_spat_NH/CAMELS_spat_CAN/01EE005.csv already exists
File ../CAMELS_spat_NH/CAMELS_spat_CAN/01EF001.csv already exists
File ../CAMELS_spat_NH/CAMELS_spat_CAN/01EO001.csv already exists
File ../CAMELS_spat_NH/CAMELS_spat_CAN/01FA001.csv already exists
File ../CAMELS_spat_NH/CAMELS_spat_CAN/01FB001.csv already exists
File ../CAMELS_spat_NH/CAMELS_spat_CAN/01FB003.csv already exists
File ../CAMELS_spat_NH/CAMELS_spat_CAN/01FJ002.csv already exists
File ../CAMELS_spat_NH/CAMELS_spat_CAN/02AB008.csv already exists
File ../CAMELS_spat_NH/CAMELS_spat_CAN/02AB014.csv already exists
File ../CAMELS_spat_NH/CAMELS_spat_CAN/02AB017.csv already exists
File ../CAMELS_spat_NH/CAMELS_spat_CAN/02AB021.csv already exists
File ../CAMELS_spat_NH/CAMELS_spat_CAN/02AC001.csv already exists
File ../CAMELS_spat_NH/CAMELS_spat_CAN/02AC002.csv already exists
File ../CAMELS_spat_NH/CAMELS_spat_CAN/02AD010.csv already exists
File ../CAMELS_spat_NH/CAMELS_spat_CAN/02AE001.csv already exists
File ../CAMELS_spat_NH/CAMELS_spat_CAN/02BA003.csv already exists
File ../CAMELS_spat_NH/CAMELS_spat_CAN/02BA005.csv already exists
File ../CAMELS_spat_NH/CAMELS_spat_CAN/02BB003.csv already exists
File ../CAMELS_spat_NH/CAMELS_spat_CAN/02BF001.csv already exists
File ../CAMELS_spat_NH/CAMELS_spat_CAN/02BF002.csv already exists
File ../CAMELS_spat_NH/CAMELS_spat_CAN/02BF004.csv already exists
File ../CAMELS_spat_NH/CAMELS_spat_CAN/02BF005.csv already exists
File ../CAMELS_spat_NH/CAMELS_spat_CAN/02BF006.csv already exists
File ../CAMELS_spat_NH/CAMELS_spat_CAN/02BF007.csv already exists
File ../CAMELS_spat_NH/CAMELS_spat_CAN/02BF008.csv already exists
File ../CAMELS_spat_NH/CAMELS_spat_CAN/02BF009.csv already exists
File ../CAMELS_spat_NH/CAMELS_spat_CAN/02BF012.csv already exists
File ../CAMELS_spat_NH/CAMELS_spat_CAN/02BF013.csv already exists
File ../CAMELS_spat_NH/CAMELS_spat_CAN/02CA002.csv already exists
File ../CAMELS_spat_NH/CAMELS_spat_CAN/02CB003.csv already exists
File ../CAMELS_spat_NH/CAMELS_spat_CAN/02CF007.csv already exists
File ../CAMELS_spat_NH/CAMELS_spat_CAN/02CF008.csv already exists
File ../CAMELS_spat_NH/CAMELS_spat_CAN/02CF011.csv already exists
File ../CAMELS_spat_NH/CAMELS_spat_CAN/02CG003.csv already exists
File ../CAMELS_spat_NH/CAMELS_spat_CAN/02DB007.csv already exists
File ../CAMELS_spat_NH/CAMELS_spat_CAN/02DC012.csv already exists
File ../CAMELS_spat_NH/CAMELS_spat_CAN/02DD012.csv already exists
File ../CAMELS_spat_NH/CAMELS_spat_CAN/02DD013.csv already exists
File ../CAMELS_spat_NH/CAMELS_spat_CAN/02DD015.csv already exists
File ../CAMELS_spat_NH/CAMELS_spat_CAN/02EA005.csv already exists
File ../CAMELS_spat_NH/CAMELS_spat_CAN/02EA010.csv already exists
File ../CAMELS_spat_NH/CAMELS_spat_CAN/02EB014.csv already exists
File ../CAMELS_spat_NH/CAMELS_spat_CAN/02EC002.csv already exists
File ../CAMELS_spat_NH/CAMELS_spat_CAN/02EC010.csv already exists
File ../CAMELS_spat_NH/CAMELS_spat_CAN/02EC011.csv already exists
File ../CAMELS_spat_NH/CAMELS_spat_CAN/02EC018.csv already exists
File ../CAMELS_spat_NH/CAMELS_spat_CAN/02ED003.csv already exists
File ../CAMELS_spat_NH/CAMELS_spat_CAN/02ED007.csv already exists
File ../CAMELS_spat_NH/CAMELS_spat_CAN/02ED013.csv already exists
File ../CAMELS_spat_NH/CAMELS_spat_CAN/02ED014.csv already exists
File ../CAMELS_spat_NH/CAMELS_spat_CAN/02ED015.csv already exists
File ../CAMELS_spat_NH/CAMELS_spat_CAN/02ED017.csv already exists
File ../CAMELS_spat_NH/CAMELS_spat_CAN/02ED024.csv already exists
File ../CAMELS_spat_NH/CAMELS_spat_CAN/02ED026.csv already exists
File ../CAMELS_spat_NH/CAMELS_spat_CAN/02ED101.csv already exists
File ../CAMELS_spat_NH/CAMELS_spat_CAN/02ED102.csv already exists
File ../CAMELS_spat_NH/CAMELS_spat_CAN/02FA002.csv already exists
File ../CAMELS_spat_NH/CAMELS_spat_CAN/02FA004.csv already exists
File ../CAMELS_spat_NH/CAMELS_spat_CAN/02FB007.csv already exists
File ../CAMELS_spat_NH/CAMELS_spat_CAN/02FB010.csv already exists
File ../CAMELS_spat_NH/CAMELS_spat_CAN/02FC011.csv already exists
File ../CAMELS_spat_NH/CAMELS_spat_CAN/02FC016.csv already exists
File ../CAMELS_spat_NH/CAMELS_spat_CAN/02FC017.csv already exists
File ../CAMELS_spat_NH/CAMELS_spat_CAN/02FD001.csv already exists
File ../CAMELS_spat_NH/CAMELS_spat_CAN/02FD002.csv already exists
File ../CAMELS_spat_NH/CAMELS_spat_CAN/02FE008.csv already exists
File ../CAMELS_spat_NH/CAMELS_spat_CAN/02FE009.csv already exists
File ../CAMELS_spat_NH/CAMELS_spat_CAN/02FE011.csv already exists
File ../CAMELS_spat_NH/CAMELS_spat_CAN/02FE013.csv already exists
File ../CAMELS_spat_NH/CAMELS_spat_CAN/02FE014.csv already exists
File ../CAMELS_spat_NH/CAMELS_spat_CAN/02FF004.csv already exists
File ../CAMELS_spat_NH/CAMELS_spat_CAN/02FF007.csv already exists
File ../CAMELS_spat_NH/CAMELS_spat_CAN/02FF008.csv already exists
File ../CAMELS_spat_NH/CAMELS_spat_CAN/02GA010.csv already exists
File ../CAMELS_spat_NH/CAMELS_spat_CAN/02GA018.csv already exists
File ../CAMELS_spat_NH/CAMELS_spat_CAN/02GA038.csv already exists
File ../CAMELS_spat_NH/CAMELS_spat_CAN/02GA041.csv already exists
File ../CAMELS_spat_NH/CAMELS_spat_CAN/02GA043.csv already exists
File ../CAMELS_spat_NH/CAMELS_spat_CAN/02GB007.csv already exists
File ../CAMELS_spat_NH/CAMELS_spat_CAN/02GC002.csv already exists
File ../CAMELS_spat_NH/CAMELS_spat_CAN/02GC010.csv already exists
File ../CAMELS_spat_NH/CAMELS_spat_CAN/02GC018.csv already exists
File ../CAMELS_spat_NH/CAMELS_spat_CAN/02GC021.csv already exists
File ../CAMELS_spat_NH/CAMELS_spat_CAN/02GC029.csv already exists
File ../CAMELS_spat_NH/CAMELS_spat_CAN/02GC030.csv already exists
File ../CAMELS_spat_NH/CAMELS_spat_CAN/02GC031.csv already exists
File ../CAMELS_spat_NH/CAMELS_spat_CAN/02GD004.csv already exists
File ../CAMELS_spat_NH/CAMELS_spat_CAN/02GD010.csv already exists
File ../CAMELS_spat_NH/CAMELS_spat_CAN/02GD019.csv already exists
File ../CAMELS_spat_NH/CAMELS_spat_CAN/02GD021.csv already exists
File ../CAMELS_spat_NH/CAMELS_spat_CAN/02GE007.csv already exists
File ../CAMELS_spat_NH/CAMELS_spat_CAN/02GG002.csv already exists
File ../CAMELS_spat_NH/CAMELS_spat_CAN/02GG003.csv already exists
File ../CAMELS_spat_NH/CAMELS_spat_CAN/02GG005.csv already exists
File ../CAMELS_spat_NH/CAMELS_spat_CAN/02GG006.csv already exists
File ../CAMELS_spat_NH/CAMELS_spat_CAN/02GG009.csv already exists
File ../CAMELS_spat_NH/CAMELS_spat_CAN/02GH002.csv already exists
File ../CAMELS_spat_NH/CAMELS_spat_CAN/02GH003.csv already exists
File ../CAMELS_spat_NH/CAMELS_spat_CAN/02HA006.csv already exists
File ../CAMELS_spat_NH/CAMELS_spat_CAN/02HA020.csv already exists
File ../CAMELS_spat_NH/CAMELS_spat_CAN/02HB012.csv already exists
File ../CAMELS_spat_NH/CAMELS_spat_CAN/02HB022.csv already exists
File ../CAMELS_spat_NH/CAMELS_spat_CAN/02HB023.csv already exists
File ../CAMELS_spat_NH/CAMELS_spat_CAN/02HC019.csv already exists
File ../CAMELS_spat_NH/CAMELS_spat_CAN/02HC023.csv already exists
File ../CAMELS_spat_NH/CAMELS_spat_CAN/02HC025.csv already exists
File ../CAMELS_spat_NH/CAMELS_spat_CAN/02HC038.csv already exists
File ../CAMELS_spat_NH/CAMELS_spat_CAN/02HC047.csv already exists
File ../CAMELS_spat_NH/CAMELS_spat_CAN/02HC049.csv already exists
File ../CAMELS_spat_NH/CAMELS_spat_CAN/02HD009.csv already exists
File ../CAMELS_spat_NH/CAMELS_spat_CAN/02HD012.csv already exists
File ../CAMELS_spat_NH/CAMELS_spat_CAN/02HJ001.csv already exists
File ../CAMELS_spat_NH/CAMELS_spat_CAN/02HK007.csv already exists
File ../CAMELS_spat_NH/CAMELS_spat_CAN/02HK008.csv already exists
File ../CAMELS_spat_NH/CAMELS_spat_CAN/02HL003.csv already exists
File ../CAMELS_spat_NH/CAMELS_spat_CAN/02HL004.csv already exists
File ../CAMELS_spat_NH/CAMELS_spat_CAN/02HL005.csv already exists
File ../CAMELS_spat_NH/CAMELS_spat_CAN/02HM004.csv already exists
File ../CAMELS_spat_NH/CAMELS_spat_CAN/02HM005.csv already exists
File ../CAMELS_spat_NH/CAMELS_spat_CAN/02JC008.csv already exists
File ../CAMELS_spat_NH/CAMELS_spat_CAN/02KF016.csv already exists
File ../CAMELS_spat_NH/CAMELS_spat_CAN/02KF017.csv already exists
File ../CAMELS_spat_NH/CAMELS_spat_CAN/02LA007.csv already exists
File ../CAMELS_spat_NH/CAMELS_spat_CAN/02LB006.csv already exists
File ../CAMELS_spat_NH/CAMELS_spat_CAN/02LB007.csv already exists
File ../CAMELS_spat_NH/CAMELS_spat_CAN/02LB008.csv already exists
File ../CAMELS_spat_NH/CAMELS_spat_CAN/02LB020.csv already exists
File ../CAMELS_spat_NH/CAMELS_spat_CAN/02LB022.csv already exists
File ../CAMELS_spat_NH/CAMELS_spat_CAN/02MB006.csv already exists
File ../CAMELS_spat_NH/CAMELS_spat_CAN/02MC001.csv already exists
File ../CAMELS_spat_NH/CAMELS_spat_CAN/02MC026.csv already exists
File ../CAMELS_spat_NH/CAMELS_spat_CAN/02MC028.csv already exists
File ../CAMELS_spat_NH/CAMELS_spat_CAN/02XA003.csv already exists
File ../CAMELS_spat_NH/CAMELS_spat_CAN/02YA002.csv already exists
File ../CAMELS_spat_NH/CAMELS_spat_CAN/02YC001.csv already exists
File ../CAMELS_spat_NH/CAMELS_spat_CAN/02YD002.csv already exists
File ../CAMELS_spat_NH/CAMELS_spat_CAN/02YE001.csv already exists
File ../CAMELS_spat_NH/CAMELS_spat_CAN/02YG001.csv already exists
File ../CAMELS_spat_NH/CAMELS_spat_CAN/02YJ001.csv already exists
File ../CAMELS_spat_NH/CAMELS_spat_CAN/02YK002.csv already exists
File ../CAMELS_spat_NH/CAMELS_spat_CAN/02YK005.csv already exists
File ../CAMELS_spat_NH/CAMELS_spat_CAN/02YK008.csv already exists
File ../CAMELS_spat_NH/CAMELS_spat_CAN/02YL001.csv already exists
File ../CAMELS_spat_NH/CAMELS_spat_CAN/02YL004.csv already exists
File ../CAMELS_spat_NH/CAMELS_spat_CAN/02YL005.csv already exists
File ../CAMELS_spat_NH/CAMELS_spat_CAN/02YL008.csv already exists
File ../CAMELS_spat_NH/CAMELS_spat_CAN/02YM003.csv already exists
File ../CAMELS_spat_NH/CAMELS_spat_CAN/02YM004.csv already exists
File ../CAMELS_spat_NH/CAMELS_spat_CAN/02YN002.csv already exists
File ../CAMELS_spat_NH/CAMELS_spat_CAN/02YO006.csv already exists
File ../CAMELS_spat_NH/CAMELS_spat_CAN/02YO008.csv already exists
File ../CAMELS_spat_NH/CAMELS_spat_CAN/02YO012.csv already exists
File ../CAMELS_spat_NH/CAMELS_spat_CAN/02YQ001.csv already exists
File ../CAMELS_spat_NH/CAMELS_spat_CAN/02YQ005.csv already exists
File ../CAMELS_spat_NH/CAMELS_spat_CAN/02YR001.csv already exists
File ../CAMELS_spat_NH/CAMELS_spat_CAN/02YR003.csv already exists
File ../CAMELS_spat_NH/CAMELS_spat_CAN/02YS003.csv already exists
File ../CAMELS_spat_NH/CAMELS_spat_CAN/02YS005.csv already exists
File ../CAMELS_spat_NH/CAMELS_spat_CAN/02YS006.csv already exists
File ../CAMELS_spat_NH/CAMELS_spat_CAN/02ZA002.csv already exists
File ../CAMELS_spat_NH/CAMELS_spat_CAN/02ZB001.csv already exists
File ../CAMELS_spat_NH/CAMELS_spat_CAN/02ZC002.csv already exists
File ../CAMELS_spat_NH/CAMELS_spat_CAN/02ZD002.csv already exists
File ../CAMELS_spat_NH/CAMELS_spat_CAN/02ZE004.csv already exists
File ../CAMELS_spat_NH/CAMELS_spat_CAN/02ZF001.csv already exists
File ../CAMELS_spat_NH/CAMELS_spat_CAN/02ZG001.csv already exists
File ../CAMELS_spat_NH/CAMELS_spat_CAN/02ZG003.csv already exists
File ../CAMELS_spat_NH/CAMELS_spat_CAN/02ZG004.csv already exists
File ../CAMELS_spat_NH/CAMELS_spat_CAN/02ZH001.csv already exists
File ../CAMELS_spat_NH/CAMELS_spat_CAN/02ZH002.csv already exists
File ../CAMELS_spat_NH/CAMELS_spat_CAN/02ZJ001.csv already exists
File ../CAMELS_spat_NH/CAMELS_spat_CAN/02ZJ002.csv already exists
File ../CAMELS_spat_NH/CAMELS_spat_CAN/02ZJ003.csv already exists
File ../CAMELS_spat_NH/CAMELS_spat_CAN/02ZK001.csv already exists
File ../CAMELS_spat_NH/CAMELS_spat_CAN/02ZK002.csv already exists
File ../CAMELS_spat_NH/CAMELS_spat_CAN/02ZK004.csv already exists
File ../CAMELS_spat_NH/CAMELS_spat_CAN/02ZL004.csv already exists
File ../CAMELS_spat_NH/CAMELS_spat_CAN/02ZL005.csv already exists
File ../CAMELS_spat_NH/CAMELS_spat_CAN/02ZM006.csv already exists
File ../CAMELS_spat_NH/CAMELS_spat_CAN/02ZM009.csv already exists
File ../CAMELS_spat_NH/CAMELS_spat_CAN/02ZM016.csv already exists
File ../CAMELS_spat_NH/CAMELS_spat_CAN/02ZN002.csv already exists
File ../CAMELS_spat_NH/CAMELS_spat_CAN/03NF001.csv already exists
File ../CAMELS_spat_NH/CAMELS_spat_CAN/03QC002.csv already exists
File ../CAMELS_spat_NH/CAMELS_spat_CAN/04AA004.csv already exists
File ../CAMELS_spat_NH/CAMELS_spat_CAN/04CA003.csv already exists
File ../CAMELS_spat_NH/CAMELS_spat_CAN/04DA001.csv already exists
File ../CAMELS_spat_NH/CAMELS_spat_CAN/04DB001.csv already exists
File ../CAMELS_spat_NH/CAMELS_spat_CAN/04DC002.csv already exists
File ../CAMELS_spat_NH/CAMELS_spat_CAN/04EA001.csv already exists
File ../CAMELS_spat_NH/CAMELS_spat_CAN/04FA001.csv already exists
File ../CAMELS_spat_NH/CAMELS_spat_CAN/04FA003.csv already exists
File ../CAMELS_spat_NH/CAMELS_spat_CAN/04GA002.csv already exists
File ../CAMELS_spat_NH/CAMELS_spat_CAN/04GB005.csv already exists
File ../CAMELS_spat_NH/CAMELS_spat_CAN/04JC002.csv already exists
File ../CAMELS_spat_NH/CAMELS_spat_CAN/04JD005.csv already exists
File ../CAMELS_spat_NH/CAMELS_spat_CAN/04JF001.csv already exists
File ../CAMELS_spat_NH/CAMELS_spat_CAN/04KA001.csv already exists
File ../CAMELS_spat_NH/CAMELS_spat_CAN/04LJ001.csv already exists
File ../CAMELS_spat_NH/CAMELS_spat_CAN/04MD004.csv already exists
File ../CAMELS_spat_NH/CAMELS_spat_CAN/04MF001.csv already exists
File ../CAMELS_spat_NH/CAMELS_spat_CAN/05AA004.csv already exists
File ../CAMELS_spat_NH/CAMELS_spat_CAN/05AA008.csv already exists
File ../CAMELS_spat_NH/CAMELS_spat_CAN/05AA011.csv already exists
File ../CAMELS_spat_NH/CAMELS_spat_CAN/05AA022.csv already exists
File ../CAMELS_spat_NH/CAMELS_spat_CAN/05AA028.csv already exists
File ../CAMELS_spat_NH/CAMELS_spat_CAN/05AB005.csv already exists
File ../CAMELS_spat_NH/CAMELS_spat_CAN/05AB029.csv already exists
File ../CAMELS_spat_NH/CAMELS_spat_CAN/05AC030.csv already exists
File ../CAMELS_spat_NH/CAMELS_spat_CAN/05AD003.csv already exists
File ../CAMELS_spat_NH/CAMELS_spat_CAN/05AD035.csv already exists
File ../CAMELS_spat_NH/CAMELS_spat_CAN/05AE005.csv already exists
File ../CAMELS_spat_NH/CAMELS_spat_CAN/05AH037.csv already exists
File ../CAMELS_spat_NH/CAMELS_spat_CAN/05AH041.csv already exists
File ../CAMELS_spat_NH/CAMELS_spat_CAN/05AH047.csv already exists
File ../CAMELS_spat_NH/CAMELS_spat_CAN/05AH050.csv already exists
File ../CAMELS_spat_NH/CAMELS_spat_CAN/05BA001.csv already exists
File ../CAMELS_spat_NH/CAMELS_spat_CAN/05BB001.csv already exists
File ../CAMELS_spat_NH/CAMELS_spat_CAN/05BG006.csv already exists
File ../CAMELS_spat_NH/CAMELS_spat_CAN/05BH013.csv already exists
File ../CAMELS_spat_NH/CAMELS_spat_CAN/05BJ004.csv already exists
File ../CAMELS_spat_NH/CAMELS_spat_CAN/05BJ010.csv already exists
File ../CAMELS_spat_NH/CAMELS_spat_CAN/05BK001.csv already exists
File ../CAMELS_spat_NH/CAMELS_spat_CAN/05BL013.csv already exists
File ../CAMELS_spat_NH/CAMELS_spat_CAN/05BL014.csv already exists
File ../CAMELS_spat_NH/CAMELS_spat_CAN/05BL019.csv already exists
File ../CAMELS_spat_NH/CAMELS_spat_CAN/05BL022.csv already exists
File ../CAMELS_spat_NH/CAMELS_spat_CAN/05BL023.csv already exists
File ../CAMELS_spat_NH/CAMELS_spat_CAN/05BL027.csv already exists
File ../CAMELS_spat_NH/CAMELS_spat_CAN/05BM014.csv already exists
File ../CAMELS_spat_NH/CAMELS_spat_CAN/05BM018.csv already exists
File ../CAMELS_spat_NH/CAMELS_spat_CAN/05CA002.csv already exists
File ../CAMELS_spat_NH/CAMELS_spat_CAN/05CA004.csv already exists
File ../CAMELS_spat_NH/CAMELS_spat_CAN/05CA009.csv already exists
File ../CAMELS_spat_NH/CAMELS_spat_CAN/05CA011.csv already exists
File ../CAMELS_spat_NH/CAMELS_spat_CAN/05CA012.csv already exists
File ../CAMELS_spat_NH/CAMELS_spat_CAN/05CB001.csv already exists
File ../CAMELS_spat_NH/CAMELS_spat_CAN/05CB002.csv already exists
File ../CAMELS_spat_NH/CAMELS_spat_CAN/05CB004.csv already exists
File ../CAMELS_spat_NH/CAMELS_spat_CAN/05CC001.csv already exists
File ../CAMELS_spat_NH/CAMELS_spat_CAN/05CC007.csv already exists
File ../CAMELS_spat_NH/CAMELS_spat_CAN/05CC008.csv already exists
File ../CAMELS_spat_NH/CAMELS_spat_CAN/05CC009.csv already exists
File ../CAMELS_spat_NH/CAMELS_spat_CAN/05CC010.csv already exists
File ../CAMELS_spat_NH/CAMELS_spat_CAN/05CC011.csv already exists
File ../CAMELS_spat_NH/CAMELS_spat_CAN/05CD006.csv already exists
File ../CAMELS_spat_NH/CAMELS_spat_CAN/05CD007.csv already exists
File ../CAMELS_spat_NH/CAMELS_spat_CAN/05CE002.csv already exists
File ../CAMELS_spat_NH/CAMELS_spat_CAN/05CE006.csv already exists
File ../CAMELS_spat_NH/CAMELS_spat_CAN/05CE010.csv already exists
File ../CAMELS_spat_NH/CAMELS_spat_CAN/05CE011.csv already exists
File ../CAMELS_spat_NH/CAMELS_spat_CAN/05CE018.csv already exists
File ../CAMELS_spat_NH/CAMELS_spat_CAN/05CE020.csv already exists
File ../CAMELS_spat_NH/CAMELS_spat_CAN/05CG004.csv already exists
File ../CAMELS_spat_NH/CAMELS_spat_CAN/05CG006.csv already exists
File ../CAMELS_spat_NH/CAMELS_spat_CAN/05CK001.csv already exists
File ../CAMELS_spat_NH/CAMELS_spat_CAN/05CK005.csv already exists
File ../CAMELS_spat_NH/CAMELS_spat_CAN/05DA007.csv already exists
File ../CAMELS_spat_NH/CAMELS_spat_CAN/05DA009.csv already exists
File ../CAMELS_spat_NH/CAMELS_spat_CAN/05DB002.csv already exists
File ../CAMELS_spat_NH/CAMELS_spat_CAN/05DB005.csv already exists
File ../CAMELS_spat_NH/CAMELS_spat_CAN/05DB006.csv already exists
File ../CAMELS_spat_NH/CAMELS_spat_CAN/05DC011.csv already exists
File ../CAMELS_spat_NH/CAMELS_spat_CAN/05DD004.csv already exists
File ../CAMELS_spat_NH/CAMELS_spat_CAN/05DD007.csv already exists
File ../CAMELS_spat_NH/CAMELS_spat_CAN/05DD009.csv already exists
File ../CAMELS_spat_NH/CAMELS_spat_CAN/05DE007.csv already exists
File ../CAMELS_spat_NH/CAMELS_spat_CAN/05DF003.csv already exists
File ../CAMELS_spat_NH/CAMELS_spat_CAN/05DF004.csv already exists
File ../CAMELS_spat_NH/CAMELS_spat_CAN/05DF006.csv already exists
File ../CAMELS_spat_NH/CAMELS_spat_CAN/05DF007.csv already exists
File ../CAMELS_spat_NH/CAMELS_spat_CAN/05EA001.csv already exists
File ../CAMELS_spat_NH/CAMELS_spat_CAN/05EA002.csv already exists
File ../CAMELS_spat_NH/CAMELS_spat_CAN/05EA005.csv already exists
File ../CAMELS_spat_NH/CAMELS_spat_CAN/05EA010.csv already exists
File ../CAMELS_spat_NH/CAMELS_spat_CAN/05EC005.csv already exists
File ../CAMELS_spat_NH/CAMELS_spat_CAN/05ED002.csv already exists
File ../CAMELS_spat_NH/CAMELS_spat_CAN/05EE005.csv already exists
File ../CAMELS_spat_NH/CAMELS_spat_CAN/05EE006.csv already exists
File ../CAMELS_spat_NH/CAMELS_spat_CAN/05EE009.csv already exists
File ../CAMELS_spat_NH/CAMELS_spat_CAN/05FA001.csv already exists
File ../CAMELS_spat_NH/CAMELS_spat_CAN/05FA012.csv already exists
File ../CAMELS_spat_NH/CAMELS_spat_CAN/05FA014.csv already exists
File ../CAMELS_spat_NH/CAMELS_spat_CAN/05FA024.csv already exists
File ../CAMELS_spat_NH/CAMELS_spat_CAN/05FB002.csv already exists
File ../CAMELS_spat_NH/CAMELS_spat_CAN/05FC002.csv already exists
File ../CAMELS_spat_NH/CAMELS_spat_CAN/05FC004.csv already exists
File ../CAMELS_spat_NH/CAMELS_spat_CAN/05FC007.csv already exists
File ../CAMELS_spat_NH/CAMELS_spat_CAN/05FE002.csv already exists
File ../CAMELS_spat_NH/CAMELS_spat_CAN/05GA008.csv already exists
File ../CAMELS_spat_NH/CAMELS_spat_CAN/05GA010.csv already exists
File ../CAMELS_spat_NH/CAMELS_spat_CAN/05GA012.csv already exists
File ../CAMELS_spat_NH/CAMELS_spat_CAN/05HD036.csv already exists
File ../CAMELS_spat_NH/CAMELS_spat_CAN/05HG021.csv already exists
File ../CAMELS_spat_NH/CAMELS_spat_CAN/05JA003.csv already exists
File ../CAMELS_spat_NH/CAMELS_spat_CAN/05JB004.csv already exists
File ../CAMELS_spat_NH/CAMELS_spat_CAN/05JB007.csv already exists
File ../CAMELS_spat_NH/CAMELS_spat_CAN/05JC004.csv already exists
File ../CAMELS_spat_NH/CAMELS_spat_CAN/05JF011.csv already exists
File ../CAMELS_spat_NH/CAMELS_spat_CAN/05JG013.csv already exists
File ../CAMELS_spat_NH/CAMELS_spat_CAN/05JJ009.csv already exists
File ../CAMELS_spat_NH/CAMELS_spat_CAN/05JM010.csv already exists
File ../CAMELS_spat_NH/CAMELS_spat_CAN/05KE010.csv already exists
File ../CAMELS_spat_NH/CAMELS_spat_CAN/05LD001.csv already exists
File ../CAMELS_spat_NH/CAMELS_spat_CAN/05LE004.csv already exists
File ../CAMELS_spat_NH/CAMELS_spat_CAN/05LE005.csv already exists
File ../CAMELS_spat_NH/CAMELS_spat_CAN/05LE006.csv already exists
File ../CAMELS_spat_NH/CAMELS_spat_CAN/05LE010.csv already exists
File ../CAMELS_spat_NH/CAMELS_spat_CAN/05LG004.csv already exists
File ../CAMELS_spat_NH/CAMELS_spat_CAN/05LJ005.csv already exists
File ../CAMELS_spat_NH/CAMELS_spat_CAN/05LJ007.csv already exists
File ../CAMELS_spat_NH/CAMELS_spat_CAN/05LJ027.csv already exists
File ../CAMELS_spat_NH/CAMELS_spat_CAN/05LJ045.csv already exists
File ../CAMELS_spat_NH/CAMELS_spat_CAN/05LL014.csv already exists
File ../CAMELS_spat_NH/CAMELS_spat_CAN/05LL015.csv already exists
File ../CAMELS_spat_NH/CAMELS_spat_CAN/05LL027.csv already exists
File ../CAMELS_spat_NH/CAMELS_spat_CAN/05MA020.csv already exists
File ../CAMELS_spat_NH/CAMELS_spat_CAN/05MA021.csv already exists
File ../CAMELS_spat_NH/CAMELS_spat_CAN/05MA025.csv already exists
File ../CAMELS_spat_NH/CAMELS_spat_CAN/05MC001.csv already exists
File ../CAMELS_spat_NH/CAMELS_spat_CAN/05MC003.csv already exists
File ../CAMELS_spat_NH/CAMELS_spat_CAN/05MD005.csv already exists
File ../CAMELS_spat_NH/CAMELS_spat_CAN/05MD010.csv already exists
File ../CAMELS_spat_NH/CAMELS_spat_CAN/05ME003.csv already exists
File ../CAMELS_spat_NH/CAMELS_spat_CAN/05ME005.csv already exists
File ../CAMELS_spat_NH/CAMELS_spat_CAN/05ME007.csv already exists
File ../CAMELS_spat_NH/CAMELS_spat_CAN/05MF001.csv already exists
File ../CAMELS_spat_NH/CAMELS_spat_CAN/05MF008.csv already exists
File ../CAMELS_spat_NH/CAMELS_spat_CAN/05MG001.csv already exists
File ../CAMELS_spat_NH/CAMELS_spat_CAN/05MG003.csv already exists
File ../CAMELS_spat_NH/CAMELS_spat_CAN/05MH006.csv already exists
File ../CAMELS_spat_NH/CAMELS_spat_CAN/05MH007.csv already exists
File ../CAMELS_spat_NH/CAMELS_spat_CAN/05MH008.csv already exists
File ../CAMELS_spat_NH/CAMELS_spat_CAN/05NB033.csv already exists
File ../CAMELS_spat_NH/CAMELS_spat_CAN/05NB035.csv already exists
File ../CAMELS_spat_NH/CAMELS_spat_CAN/05ND011.csv already exists
File ../CAMELS_spat_NH/CAMELS_spat_CAN/05NE003.csv already exists
File ../CAMELS_spat_NH/CAMELS_spat_CAN/05NF002.csv already exists
File ../CAMELS_spat_NH/CAMELS_spat_CAN/05NF006.csv already exists
File ../CAMELS_spat_NH/CAMELS_spat_CAN/05NF008.csv already exists
File ../CAMELS_spat_NH/CAMELS_spat_CAN/05NF010.csv already exists
File ../CAMELS_spat_NH/CAMELS_spat_CAN/05NG010.csv already exists
File ../CAMELS_spat_NH/CAMELS_spat_CAN/05NG012.csv already exists
File ../CAMELS_spat_NH/CAMELS_spat_CAN/05NG020.csv already exists
File ../CAMELS_spat_NH/CAMELS_spat_CAN/05OA007.csv already exists
File ../CAMELS_spat_NH/CAMELS_spat_CAN/05OB010.csv already exists
File ../CAMELS_spat_NH/CAMELS_spat_CAN/05OB016.csv already exists
File ../CAMELS_spat_NH/CAMELS_spat_CAN/05OB021.csv already exists
File ../CAMELS_spat_NH/CAMELS_spat_CAN/05OC016.csv already exists
File ../CAMELS_spat_NH/CAMELS_spat_CAN/05OC019.csv already exists
File ../CAMELS_spat_NH/CAMELS_spat_CAN/05OC022.csv already exists
File ../CAMELS_spat_NH/CAMELS_spat_CAN/05OE004.csv already exists
File ../CAMELS_spat_NH/CAMELS_spat_CAN/05OE006.csv already exists
File ../CAMELS_spat_NH/CAMELS_spat_CAN/05OE007.csv already exists
File ../CAMELS_spat_NH/CAMELS_spat_CAN/05OE009.csv already exists
File ../CAMELS_spat_NH/CAMELS_spat_CAN/05OE010.csv already exists
File ../CAMELS_spat_NH/CAMELS_spat_CAN/05OF009.csv already exists
File ../CAMELS_spat_NH/CAMELS_spat_CAN/05OF011.csv already exists
File ../CAMELS_spat_NH/CAMELS_spat_CAN/05OF014.csv already exists
File ../CAMELS_spat_NH/CAMELS_spat_CAN/05OF017.csv already exists
File ../CAMELS_spat_NH/CAMELS_spat_CAN/05OF018.csv already exists
File ../CAMELS_spat_NH/CAMELS_spat_CAN/05OF020.csv already exists
File ../CAMELS_spat_NH/CAMELS_spat_CAN/05OH007.csv already exists
File ../CAMELS_spat_NH/CAMELS_spat_CAN/05OJ008.csv already exists
File ../CAMELS_spat_NH/CAMELS_spat_CAN/05OJ016.csv already exists
File ../CAMELS_spat_NH/CAMELS_spat_CAN/05OJ017.csv already exists
File ../CAMELS_spat_NH/CAMELS_spat_CAN/05PB014.csv already exists
File ../CAMELS_spat_NH/CAMELS_spat_CAN/05PB018.csv already exists
File ../CAMELS_spat_NH/CAMELS_spat_CAN/05PH003.csv already exists
File ../CAMELS_spat_NH/CAMELS_spat_CAN/05QA004.csv already exists
File ../CAMELS_spat_NH/CAMELS_spat_CAN/05QE008.csv already exists
File ../CAMELS_spat_NH/CAMELS_spat_CAN/05QE009.csv already exists
File ../CAMELS_spat_NH/CAMELS_spat_CAN/05QE012.csv already exists
File ../CAMELS_spat_NH/CAMELS_spat_CAN/05RA001.csv already exists
File ../CAMELS_spat_NH/CAMELS_spat_CAN/05RB003.csv already exists
File ../CAMELS_spat_NH/CAMELS_spat_CAN/05RC001.csv already exists
File ../CAMELS_spat_NH/CAMELS_spat_CAN/05SA002.csv already exists
File ../CAMELS_spat_NH/CAMELS_spat_CAN/05SC002.csv already exists
File ../CAMELS_spat_NH/CAMELS_spat_CAN/05TE002.csv already exists
File ../CAMELS_spat_NH/CAMELS_spat_CAN/05TF002.csv already exists
File ../CAMELS_spat_NH/CAMELS_spat_CAN/05TG002.csv already exists
File ../CAMELS_spat_NH/CAMELS_spat_CAN/05TG003.csv already exists
File ../CAMELS_spat_NH/CAMELS_spat_CAN/05TG006.csv already exists
File ../CAMELS_spat_NH/CAMELS_spat_CAN/05UF004.csv already exists
File ../CAMELS_spat_NH/CAMELS_spat_CAN/05UG001.csv already exists
File ../CAMELS_spat_NH/CAMELS_spat_CAN/05UH001.csv already exists
File ../CAMELS_spat_NH/CAMELS_spat_CAN/05UH002.csv already exists
File ../CAMELS_spat_NH/CAMELS_spat_CAN/06AA001.csv already exists
File ../CAMELS_spat_NH/CAMELS_spat_CAN/06AB001.csv already exists
File ../CAMELS_spat_NH/CAMELS_spat_CAN/06AB002.csv already exists
File ../CAMELS_spat_NH/CAMELS_spat_CAN/06AF001.csv already exists
File ../CAMELS_spat_NH/CAMELS_spat_CAN/06AG002.csv already exists
File ../CAMELS_spat_NH/CAMELS_spat_CAN/06BA002.csv already exists
File ../CAMELS_spat_NH/CAMELS_spat_CAN/06BB005.csv already exists
File ../CAMELS_spat_NH/CAMELS_spat_CAN/06BD001.csv already exists
File ../CAMELS_spat_NH/CAMELS_spat_CAN/06DA004.csv already exists
File ../CAMELS_spat_NH/CAMELS_spat_CAN/06DA005.csv already exists
File ../CAMELS_spat_NH/CAMELS_spat_CAN/06FA001.csv already exists
File ../CAMELS_spat_NH/CAMELS_spat_CAN/06FB002.csv already exists
File ../CAMELS_spat_NH/CAMELS_spat_CAN/06FC001.csv already exists
File ../CAMELS_spat_NH/CAMELS_spat_CAN/06FD002.csv already exists
File ../CAMELS_spat_NH/CAMELS_spat_CAN/06JB001.csv already exists
File ../CAMELS_spat_NH/CAMELS_spat_CAN/07AA001.csv already exists
File ../CAMELS_spat_NH/CAMELS_spat_CAN/07AA002.csv already exists
File ../CAMELS_spat_NH/CAMELS_spat_CAN/07AA007.csv already exists
File ../CAMELS_spat_NH/CAMELS_spat_CAN/07AC001.csv already exists
File ../CAMELS_spat_NH/CAMELS_spat_CAN/07AC007.csv already exists
File ../CAMELS_spat_NH/CAMELS_spat_CAN/07AC008.csv already exists
File ../CAMELS_spat_NH/CAMELS_spat_CAN/07AD002.csv already exists
File ../CAMELS_spat_NH/CAMELS_spat_CAN/07AF002.csv already exists
File ../CAMELS_spat_NH/CAMELS_spat_CAN/07AF003.csv already exists
File ../CAMELS_spat_NH/CAMELS_spat_CAN/07AF010.csv already exists
File ../CAMELS_spat_NH/CAMELS_spat_CAN/07AF013.csv already exists
File ../CAMELS_spat_NH/CAMELS_spat_CAN/07AF014.csv already exists
File ../CAMELS_spat_NH/CAMELS_spat_CAN/07AF015.csv already exists
File ../CAMELS_spat_NH/CAMELS_spat_CAN/07AG003.csv already exists
File ../CAMELS_spat_NH/CAMELS_spat_CAN/07AG004.csv already exists
File ../CAMELS_spat_NH/CAMELS_spat_CAN/07AG007.csv already exists
File ../CAMELS_spat_NH/CAMELS_spat_CAN/07AG008.csv already exists
File ../CAMELS_spat_NH/CAMELS_spat_CAN/07AH001.csv already exists
File ../CAMELS_spat_NH/CAMELS_spat_CAN/07AH002.csv already exists
File ../CAMELS_spat_NH/CAMELS_spat_CAN/07AH003.csv already exists
File ../CAMELS_spat_NH/CAMELS_spat_CAN/07BA002.csv already exists
File ../CAMELS_spat_NH/CAMELS_spat_CAN/07BB002.csv already exists
File ../CAMELS_spat_NH/CAMELS_spat_CAN/07BB005.csv already exists
File ../CAMELS_spat_NH/CAMELS_spat_CAN/07BB011.csv already exists
File ../CAMELS_spat_NH/CAMELS_spat_CAN/07BB014.csv already exists
File ../CAMELS_spat_NH/CAMELS_spat_CAN/07BC006.csv already exists
File ../CAMELS_spat_NH/CAMELS_spat_CAN/07BC007.csv already exists
File ../CAMELS_spat_NH/CAMELS_spat_CAN/07BE003.csv already exists
File ../CAMELS_spat_NH/CAMELS_spat_CAN/07BE004.csv already exists
File ../CAMELS_spat_NH/CAMELS_spat_CAN/07BF001.csv already exists
File ../CAMELS_spat_NH/CAMELS_spat_CAN/07BF002.csv already exists
File ../CAMELS_spat_NH/CAMELS_spat_CAN/07BF009.csv already exists
File ../CAMELS_spat_NH/CAMELS_spat_CAN/07BG004.csv already exists
File ../CAMELS_spat_NH/CAMELS_spat_CAN/07BJ001.csv already exists
File ../CAMELS_spat_NH/CAMELS_spat_CAN/07BJ003.csv already exists
File ../CAMELS_spat_NH/CAMELS_spat_CAN/07BK005.csv already exists
File ../CAMELS_spat_NH/CAMELS_spat_CAN/07BK007.csv already exists
File ../CAMELS_spat_NH/CAMELS_spat_CAN/07BK009.csv already exists
File ../CAMELS_spat_NH/CAMELS_spat_CAN/07CA005.csv already exists
File ../CAMELS_spat_NH/CAMELS_spat_CAN/07CA006.csv already exists
File ../CAMELS_spat_NH/CAMELS_spat_CAN/07CA008.csv already exists
File ../CAMELS_spat_NH/CAMELS_spat_CAN/07CA012.csv already exists
File ../CAMELS_spat_NH/CAMELS_spat_CAN/07CA013.csv already exists
File ../CAMELS_spat_NH/CAMELS_spat_CAN/07CB002.csv already exists
File ../CAMELS_spat_NH/CAMELS_spat_CAN/07CD004.csv already exists
File ../CAMELS_spat_NH/CAMELS_spat_CAN/07CE002.csv already exists
File ../CAMELS_spat_NH/CAMELS_spat_CAN/07CE003.csv already exists
File ../CAMELS_spat_NH/CAMELS_spat_CAN/07DA006.csv already exists
File ../CAMELS_spat_NH/CAMELS_spat_CAN/07DA008.csv already exists
File ../CAMELS_spat_NH/CAMELS_spat_CAN/07DA018.csv already exists
File ../CAMELS_spat_NH/CAMELS_spat_CAN/07DB001.csv already exists
File ../CAMELS_spat_NH/CAMELS_spat_CAN/07DC001.csv already exists
File ../CAMELS_spat_NH/CAMELS_spat_CAN/07DD002.csv already exists
File ../CAMELS_spat_NH/CAMELS_spat_CAN/07EA004.csv already exists
File ../CAMELS_spat_NH/CAMELS_spat_CAN/07EA007.csv already exists
File ../CAMELS_spat_NH/CAMELS_spat_CAN/07EB002.csv already exists
File ../CAMELS_spat_NH/CAMELS_spat_CAN/07EC002.csv already exists
File ../CAMELS_spat_NH/CAMELS_spat_CAN/07EC003.csv already exists
File ../CAMELS_spat_NH/CAMELS_spat_CAN/07EC004.csv already exists
File ../CAMELS_spat_NH/CAMELS_spat_CAN/07ED003.csv already exists
File ../CAMELS_spat_NH/CAMELS_spat_CAN/07EE007.csv already exists
File ../CAMELS_spat_NH/CAMELS_spat_CAN/07EE009.csv already exists
File ../CAMELS_spat_NH/CAMELS_spat_CAN/07EE010.csv already exists
File ../CAMELS_spat_NH/CAMELS_spat_CAN/07FA003.csv already exists
File ../CAMELS_spat_NH/CAMELS_spat_CAN/07FA005.csv already exists
File ../CAMELS_spat_NH/CAMELS_spat_CAN/07FA006.csv already exists
File ../CAMELS_spat_NH/CAMELS_spat_CAN/07FB002.csv already exists
File ../CAMELS_spat_NH/CAMELS_spat_CAN/07FB003.csv already exists
File ../CAMELS_spat_NH/CAMELS_spat_CAN/07FB004.csv already exists
File ../CAMELS_spat_NH/CAMELS_spat_CAN/07FB006.csv already exists
File ../CAMELS_spat_NH/CAMELS_spat_CAN/07FB008.csv already exists
File ../CAMELS_spat_NH/CAMELS_spat_CAN/07FB009.csv already exists
File ../CAMELS_spat_NH/CAMELS_spat_CAN/07FC003.csv already exists
File ../CAMELS_spat_NH/CAMELS_spat_CAN/07FD001.csv already exists
File ../CAMELS_spat_NH/CAMELS_spat_CAN/07FD006.csv already exists
File ../CAMELS_spat_NH/CAMELS_spat_CAN/07FD007.csv already exists
File ../CAMELS_spat_NH/CAMELS_spat_CAN/07FD009.csv already exists
File ../CAMELS_spat_NH/CAMELS_spat_CAN/07FD011.csv already exists
File ../CAMELS_spat_NH/CAMELS_spat_CAN/07FD012.csv already exists
File ../CAMELS_spat_NH/CAMELS_spat_CAN/07FD013.csv already exists
File ../CAMELS_spat_NH/CAMELS_spat_CAN/07GA001.csv already exists
File ../CAMELS_spat_NH/CAMELS_spat_CAN/07GA002.csv already exists
File ../CAMELS_spat_NH/CAMELS_spat_CAN/07GB003.csv already exists
File ../CAMELS_spat_NH/CAMELS_spat_CAN/07GD001.csv already exists
File ../CAMELS_spat_NH/CAMELS_spat_CAN/07GD004.csv already exists
File ../CAMELS_spat_NH/CAMELS_spat_CAN/07GE003.csv already exists
File ../CAMELS_spat_NH/CAMELS_spat_CAN/07GE007.csv already exists
File ../CAMELS_spat_NH/CAMELS_spat_CAN/07GF001.csv already exists
File ../CAMELS_spat_NH/CAMELS_spat_CAN/07GG001.csv already exists
File ../CAMELS_spat_NH/CAMELS_spat_CAN/07GG002.csv already exists
File ../CAMELS_spat_NH/CAMELS_spat_CAN/07GG003.csv already exists
File ../CAMELS_spat_NH/CAMELS_spat_CAN/07GH004.csv already exists
File ../CAMELS_spat_NH/CAMELS_spat_CAN/07HA003.csv already exists
File ../CAMELS_spat_NH/CAMELS_spat_CAN/07HA005.csv already exists
File ../CAMELS_spat_NH/CAMELS_spat_CAN/07HC001.csv already exists
File ../CAMELS_spat_NH/CAMELS_spat_CAN/07HC002.csv already exists
File ../CAMELS_spat_NH/CAMELS_spat_CAN/07HF002.csv already exists
File ../CAMELS_spat_NH/CAMELS_spat_CAN/07JA003.csv already exists
File ../CAMELS_spat_NH/CAMELS_spat_CAN/07JC001.csv already exists
File ../CAMELS_spat_NH/CAMELS_spat_CAN/07JC002.csv already exists
File ../CAMELS_spat_NH/CAMELS_spat_CAN/07JD003.csv already exists
File ../CAMELS_spat_NH/CAMELS_spat_CAN/07JF002.csv already exists
File ../CAMELS_spat_NH/CAMELS_spat_CAN/07JF003.csv already exists
File ../CAMELS_spat_NH/CAMELS_spat_CAN/07LB002.csv already exists
File ../CAMELS_spat_NH/CAMELS_spat_CAN/07MA003.csv already exists
File ../CAMELS_spat_NH/CAMELS_spat_CAN/07MB001.csv already exists
File ../CAMELS_spat_NH/CAMELS_spat_CAN/07OA001.csv already exists
File ../CAMELS_spat_NH/CAMELS_spat_CAN/07OB004.csv already exists
File ../CAMELS_spat_NH/CAMELS_spat_CAN/07OB006.csv already exists
File ../CAMELS_spat_NH/CAMELS_spat_CAN/07SA004.csv already exists
File ../CAMELS_spat_NH/CAMELS_spat_CAN/07SB010.csv already exists
File ../CAMELS_spat_NH/CAMELS_spat_CAN/07SB013.csv already exists
File ../CAMELS_spat_NH/CAMELS_spat_CAN/07SC002.csv already exists
File ../CAMELS_spat_NH/CAMELS_spat_CAN/08AA008.csv already exists
File ../CAMELS_spat_NH/CAMELS_spat_CAN/08AA009.csv already exists
File ../CAMELS_spat_NH/CAMELS_spat_CAN/08AC001.csv already exists
File ../CAMELS_spat_NH/CAMELS_spat_CAN/08AC002.csv already exists
File ../CAMELS_spat_NH/CAMELS_spat_CAN/08CD001.csv already exists
File ../CAMELS_spat_NH/CAMELS_spat_CAN/08CG001.csv already exists
File ../CAMELS_spat_NH/CAMELS_spat_CAN/08DA005.csv already exists
File ../CAMELS_spat_NH/CAMELS_spat_CAN/08DB013.csv already exists
File ../CAMELS_spat_NH/CAMELS_spat_CAN/08ED001.csv already exists
File ../CAMELS_spat_NH/CAMELS_spat_CAN/08ED002.csv already exists
File ../CAMELS_spat_NH/CAMELS_spat_CAN/08EE003.csv already exists
File ../CAMELS_spat_NH/CAMELS_spat_CAN/08EE004.csv already exists
File ../CAMELS_spat_NH/CAMELS_spat_CAN/08EE008.csv already exists
File ../CAMELS_spat_NH/CAMELS_spat_CAN/08EE012.csv already exists
File ../CAMELS_spat_NH/CAMELS_spat_CAN/08EE013.csv already exists
File ../CAMELS_spat_NH/CAMELS_spat_CAN/08EE020.csv already exists
File ../CAMELS_spat_NH/CAMELS_spat_CAN/08EF005.csv already exists
File ../CAMELS_spat_NH/CAMELS_spat_CAN/08EG012.csv already exists
File ../CAMELS_spat_NH/CAMELS_spat_CAN/08FA002.csv already exists
File ../CAMELS_spat_NH/CAMELS_spat_CAN/08FB004.csv already exists
File ../CAMELS_spat_NH/CAMELS_spat_CAN/08FB006.csv already exists
File ../CAMELS_spat_NH/CAMELS_spat_CAN/08FC003.csv already exists
File ../CAMELS_spat_NH/CAMELS_spat_CAN/08FE003.csv already exists
File ../CAMELS_spat_NH/CAMELS_spat_CAN/08FF001.csv already exists
File ../CAMELS_spat_NH/CAMELS_spat_CAN/08FF002.csv already exists
File ../CAMELS_spat_NH/CAMELS_spat_CAN/08FF003.csv already exists
File ../CAMELS_spat_NH/CAMELS_spat_CAN/08FF006.csv already exists
File ../CAMELS_spat_NH/CAMELS_spat_CAN/08GA071.csv already exists
File ../CAMELS_spat_NH/CAMELS_spat_CAN/08GA072.csv already exists
File ../CAMELS_spat_NH/CAMELS_spat_CAN/08GA075.csv already exists
File ../CAMELS_spat_NH/CAMELS_spat_CAN/08GA077.csv already exists
File ../CAMELS_spat_NH/CAMELS_spat_CAN/08GA079.csv already exists
File ../CAMELS_spat_NH/CAMELS_spat_CAN/08GB013.csv already exists
File ../CAMELS_spat_NH/CAMELS_spat_CAN/08GD004.csv already exists
File ../CAMELS_spat_NH/CAMELS_spat_CAN/08GD008.csv already exists
File ../CAMELS_spat_NH/CAMELS_spat_CAN/08GE002.csv already exists
File ../CAMELS_spat_NH/CAMELS_spat_CAN/08HA001.csv already exists
File ../CAMELS_spat_NH/CAMELS_spat_CAN/08HA003.csv already exists
File ../CAMELS_spat_NH/CAMELS_spat_CAN/08HA010.csv already exists
File ../CAMELS_spat_NH/CAMELS_spat_CAN/08HA016.csv already exists
File ../CAMELS_spat_NH/CAMELS_spat_CAN/08HA068.csv already exists
File ../CAMELS_spat_NH/CAMELS_spat_CAN/08HB014.csv already exists
File ../CAMELS_spat_NH/CAMELS_spat_CAN/08HB025.csv already exists
File ../CAMELS_spat_NH/CAMELS_spat_CAN/08HB048.csv already exists
File ../CAMELS_spat_NH/CAMELS_spat_CAN/08HB074.csv already exists
File ../CAMELS_spat_NH/CAMELS_spat_CAN/08HB075.csv already exists
File ../CAMELS_spat_NH/CAMELS_spat_CAN/08HB086.csv already exists
File ../CAMELS_spat_NH/CAMELS_spat_CAN/08HD011.csv already exists
File ../CAMELS_spat_NH/CAMELS_spat_CAN/08HF004.csv already exists
File ../CAMELS_spat_NH/CAMELS_spat_CAN/08HF005.csv already exists
File ../CAMELS_spat_NH/CAMELS_spat_CAN/08HF006.csv already exists
File ../CAMELS_spat_NH/CAMELS_spat_CAN/08JB002.csv already exists
File ../CAMELS_spat_NH/CAMELS_spat_CAN/08JB003.csv already exists
File ../CAMELS_spat_NH/CAMELS_spat_CAN/08JD006.csv already exists
File ../CAMELS_spat_NH/CAMELS_spat_CAN/08JE004.csv already exists
File ../CAMELS_spat_NH/CAMELS_spat_CAN/08KA001.csv already exists
File ../CAMELS_spat_NH/CAMELS_spat_CAN/08KA005.csv already exists
File ../CAMELS_spat_NH/CAMELS_spat_CAN/08KA007.csv already exists
File ../CAMELS_spat_NH/CAMELS_spat_CAN/08KA009.csv already exists
File ../CAMELS_spat_NH/CAMELS_spat_CAN/08KB003.csv already exists
File ../CAMELS_spat_NH/CAMELS_spat_CAN/08KB006.csv already exists
File ../CAMELS_spat_NH/CAMELS_spat_CAN/08KC001.csv already exists
File ../CAMELS_spat_NH/CAMELS_spat_CAN/08KD007.csv already exists
File ../CAMELS_spat_NH/CAMELS_spat_CAN/08KE016.csv already exists
File ../CAMELS_spat_NH/CAMELS_spat_CAN/08KE024.csv already exists
File ../CAMELS_spat_NH/CAMELS_spat_CAN/08KH001.csv already exists
File ../CAMELS_spat_NH/CAMELS_spat_CAN/08KH010.csv already exists
File ../CAMELS_spat_NH/CAMELS_spat_CAN/08KH019.csv already exists
File ../CAMELS_spat_NH/CAMELS_spat_CAN/08LB020.csv already exists
File ../CAMELS_spat_NH/CAMELS_spat_CAN/08LB024.csv already exists
File ../CAMELS_spat_NH/CAMELS_spat_CAN/08LB038.csv already exists
File ../CAMELS_spat_NH/CAMELS_spat_CAN/08LB076.csv already exists
File ../CAMELS_spat_NH/CAMELS_spat_CAN/08LC040.csv already exists
File ../CAMELS_spat_NH/CAMELS_spat_CAN/08LD001.csv already exists
File ../CAMELS_spat_NH/CAMELS_spat_CAN/08LE024.csv already exists
File ../CAMELS_spat_NH/CAMELS_spat_CAN/08LE027.csv already exists
File ../CAMELS_spat_NH/CAMELS_spat_CAN/08LE077.csv already exists
File ../CAMELS_spat_NH/CAMELS_spat_CAN/08LE108.csv already exists
File ../CAMELS_spat_NH/CAMELS_spat_CAN/08LF094.csv already exists
File ../CAMELS_spat_NH/CAMELS_spat_CAN/08LG008.csv already exists
File ../CAMELS_spat_NH/CAMELS_spat_CAN/08LG016.csv already exists
File ../CAMELS_spat_NH/CAMELS_spat_CAN/08LG048.csv already exists
File ../CAMELS_spat_NH/CAMELS_spat_CAN/08LG056.csv already exists
File ../CAMELS_spat_NH/CAMELS_spat_CAN/08MA001.csv already exists
File ../CAMELS_spat_NH/CAMELS_spat_CAN/08MA002.csv already exists
File ../CAMELS_spat_NH/CAMELS_spat_CAN/08MA003.csv already exists
File ../CAMELS_spat_NH/CAMELS_spat_CAN/08MA006.csv already exists
File ../CAMELS_spat_NH/CAMELS_spat_CAN/08MB006.csv already exists
File ../CAMELS_spat_NH/CAMELS_spat_CAN/08MB007.csv already exists
File ../CAMELS_spat_NH/CAMELS_spat_CAN/08ME023.csv already exists
File ../CAMELS_spat_NH/CAMELS_spat_CAN/08ME025.csv already exists
File ../CAMELS_spat_NH/CAMELS_spat_CAN/08ME027.csv already exists
File ../CAMELS_spat_NH/CAMELS_spat_CAN/08ME028.csv already exists
File ../CAMELS_spat_NH/CAMELS_spat_CAN/08MF062.csv already exists
File ../CAMELS_spat_NH/CAMELS_spat_CAN/08MF065.csv already exists
File ../CAMELS_spat_NH/CAMELS_spat_CAN/08MF068.csv already exists
File ../CAMELS_spat_NH/CAMELS_spat_CAN/08MG001.csv already exists
File ../CAMELS_spat_NH/CAMELS_spat_CAN/08MG005.csv already exists
File ../CAMELS_spat_NH/CAMELS_spat_CAN/08MG013.csv already exists
File ../CAMELS_spat_NH/CAMELS_spat_CAN/08MH001.csv already exists
File ../CAMELS_spat_NH/CAMELS_spat_CAN/08MH006.csv already exists
File ../CAMELS_spat_NH/CAMELS_spat_CAN/08MH029.csv already exists
File ../CAMELS_spat_NH/CAMELS_spat_CAN/08MH056.csv already exists
File ../CAMELS_spat_NH/CAMELS_spat_CAN/08MH076.csv already exists
File ../CAMELS_spat_NH/CAMELS_spat_CAN/08MH103.csv already exists
File ../CAMELS_spat_NH/CAMELS_spat_CAN/08MH141.csv already exists
File ../CAMELS_spat_NH/CAMELS_spat_CAN/08MH147.csv already exists
File ../CAMELS_spat_NH/CAMELS_spat_CAN/08NA002.csv already exists
File ../CAMELS_spat_NH/CAMELS_spat_CAN/08NA006.csv already exists
File ../CAMELS_spat_NH/CAMELS_spat_CAN/08NB005.csv already exists
File ../CAMELS_spat_NH/CAMELS_spat_CAN/08NB012.csv already exists
File ../CAMELS_spat_NH/CAMELS_spat_CAN/08NB014.csv already exists
File ../CAMELS_spat_NH/CAMELS_spat_CAN/08NB016.csv already exists
File ../CAMELS_spat_NH/CAMELS_spat_CAN/08NB019.csv already exists
File ../CAMELS_spat_NH/CAMELS_spat_CAN/08NC004.csv already exists
File ../CAMELS_spat_NH/CAMELS_spat_CAN/08ND012.csv already exists
File ../CAMELS_spat_NH/CAMELS_spat_CAN/08ND013.csv already exists
File ../CAMELS_spat_NH/CAMELS_spat_CAN/08NE006.csv already exists
File ../CAMELS_spat_NH/CAMELS_spat_CAN/08NE008.csv already exists
File ../CAMELS_spat_NH/CAMELS_spat_CAN/08NE039.csv already exists
File ../CAMELS_spat_NH/CAMELS_spat_CAN/08NE074.csv already exists
File ../CAMELS_spat_NH/CAMELS_spat_CAN/08NE087.csv already exists
File ../CAMELS_spat_NH/CAMELS_spat_CAN/08NE110.csv already exists
File ../CAMELS_spat_NH/CAMELS_spat_CAN/08NE114.csv already exists
File ../CAMELS_spat_NH/CAMELS_spat_CAN/08NF001.csv already exists
File ../CAMELS_spat_NH/CAMELS_spat_CAN/08NG076.csv already exists
File ../CAMELS_spat_NH/CAMELS_spat_CAN/08NG077.csv already exists
File ../CAMELS_spat_NH/CAMELS_spat_CAN/08NH005.csv already exists
File ../CAMELS_spat_NH/CAMELS_spat_CAN/08NH007.csv already exists
File ../CAMELS_spat_NH/CAMELS_spat_CAN/08NH016.csv already exists
File ../CAMELS_spat_NH/CAMELS_spat_CAN/08NH084.csv already exists
File ../CAMELS_spat_NH/CAMELS_spat_CAN/08NH115.csv already exists
File ../CAMELS_spat_NH/CAMELS_spat_CAN/08NH119.csv already exists
File ../CAMELS_spat_NH/CAMELS_spat_CAN/08NH132.csv already exists
File ../CAMELS_spat_NH/CAMELS_spat_CAN/08NJ013.csv already exists
File ../CAMELS_spat_NH/CAMELS_spat_CAN/08NJ026.csv already exists
File ../CAMELS_spat_NH/CAMELS_spat_CAN/08NJ061.csv already exists
File ../CAMELS_spat_NH/CAMELS_spat_CAN/08NJ130.csv already exists
File ../CAMELS_spat_NH/CAMELS_spat_CAN/08NJ160.csv already exists
File ../CAMELS_spat_NH/CAMELS_spat_CAN/08NL004.csv already exists
File ../CAMELS_spat_NH/CAMELS_spat_CAN/08NL007.csv already exists
File ../CAMELS_spat_NH/CAMELS_spat_CAN/08NL024.csv already exists
File ../CAMELS_spat_NH/CAMELS_spat_CAN/08NL038.csv already exists
File ../CAMELS_spat_NH/CAMELS_spat_CAN/08NL050.csv already exists
File ../CAMELS_spat_NH/CAMELS_spat_CAN/08NL069.csv already exists
File ../CAMELS_spat_NH/CAMELS_spat_CAN/08NL070.csv already exists
File ../CAMELS_spat_NH/CAMELS_spat_CAN/08NL071.csv already exists
File ../CAMELS_spat_NH/CAMELS_spat_CAN/08NM134.csv already exists
File ../CAMELS_spat_NH/CAMELS_spat_CAN/08NM171.csv already exists
File ../CAMELS_spat_NH/CAMELS_spat_CAN/08NM174.csv already exists
File ../CAMELS_spat_NH/CAMELS_spat_CAN/08NM240.csv already exists
File ../CAMELS_spat_NH/CAMELS_spat_CAN/08NM241.csv already exists
File ../CAMELS_spat_NH/CAMELS_spat_CAN/08NM242.csv already exists
File ../CAMELS_spat_NH/CAMELS_spat_CAN/08NN002.csv already exists
File ../CAMELS_spat_NH/CAMELS_spat_CAN/08NN015.csv already exists
File ../CAMELS_spat_NH/CAMELS_spat_CAN/08NN019.csv already exists
File ../CAMELS_spat_NH/CAMELS_spat_CAN/08NN023.csv already exists
File ../CAMELS_spat_NH/CAMELS_spat_CAN/08OA002.csv already exists
File ../CAMELS_spat_NH/CAMELS_spat_CAN/08OA003.csv already exists
File ../CAMELS_spat_NH/CAMELS_spat_CAN/08OA004.csv already exists
File ../CAMELS_spat_NH/CAMELS_spat_CAN/08OA005.csv already exists
File ../CAMELS_spat_NH/CAMELS_spat_CAN/08OB002.csv already exists
File ../CAMELS_spat_NH/CAMELS_spat_CAN/09AA012.csv already exists
File ../CAMELS_spat_NH/CAMELS_spat_CAN/09AA013.csv already exists
File ../CAMELS_spat_NH/CAMELS_spat_CAN/09AC001.csv already exists
File ../CAMELS_spat_NH/CAMELS_spat_CAN/09AC007.csv already exists
File ../CAMELS_spat_NH/CAMELS_spat_CAN/09AE003.csv already exists
File ../CAMELS_spat_NH/CAMELS_spat_CAN/09AE006.csv already exists
File ../CAMELS_spat_NH/CAMELS_spat_CAN/09AG001.csv already exists
File ../CAMELS_spat_NH/CAMELS_spat_CAN/09AH003.csv already exists
File ../CAMELS_spat_NH/CAMELS_spat_CAN/09AH004.csv already exists
File ../CAMELS_spat_NH/CAMELS_spat_CAN/09BA001.csv already exists
File ../CAMELS_spat_NH/CAMELS_spat_CAN/09BB001.csv already exists
File ../CAMELS_spat_NH/CAMELS_spat_CAN/09CA004.csv already exists
File ../CAMELS_spat_NH/CAMELS_spat_CAN/09CA006.csv already exists
File ../CAMELS_spat_NH/CAMELS_spat_CAN/09CB001.csv already exists
File ../CAMELS_spat_NH/CAMELS_spat_CAN/09DB001.csv already exists
File ../CAMELS_spat_NH/CAMELS_spat_CAN/09DD004.csv already exists
File ../CAMELS_spat_NH/CAMELS_spat_CAN/09EA003.csv already exists
File ../CAMELS_spat_NH/CAMELS_spat_CAN/09EA004.csv already exists
File ../CAMELS_spat_NH/CAMELS_spat_CAN/09EB003.csv already exists
File ../CAMELS_spat_NH/CAMELS_spat_CAN/09FB002.csv already exists
File ../CAMELS_spat_NH/CAMELS_spat_CAN/10AA004.csv already exists
File ../CAMELS_spat_NH/CAMELS_spat_CAN/10AA005.csv already exists
File ../CAMELS_spat_NH/CAMELS_spat_CAN/10AC005.csv already exists
File ../CAMELS_spat_NH/CAMELS_spat_CAN/10BE004.csv already exists
File ../CAMELS_spat_NH/CAMELS_spat_CAN/10BE007.csv already exists
File ../CAMELS_spat_NH/CAMELS_spat_CAN/10BE009.csv already exists
File ../CAMELS_spat_NH/CAMELS_spat_CAN/10BE013.csv already exists
File ../CAMELS_spat_NH/CAMELS_spat_CAN/10CA001.csv already exists
File ../CAMELS_spat_NH/CAMELS_spat_CAN/10CB001.csv already exists
File ../CAMELS_spat_NH/CAMELS_spat_CAN/10CD003.csv already exists
File ../CAMELS_spat_NH/CAMELS_spat_CAN/10CD004.csv already exists
File ../CAMELS_spat_NH/CAMELS_spat_CAN/10CD005.csv already exists
File ../CAMELS_spat_NH/CAMELS_spat_CAN/10EA003.csv already exists
File ../CAMELS_spat_NH/CAMELS_spat_CAN/10ED003.csv already exists
File ../CAMELS_spat_NH/CAMELS_spat_CAN/10ED007.csv already exists
File ../CAMELS_spat_NH/CAMELS_spat_CAN/10ED009.csv already exists
File ../CAMELS_spat_NH/CAMELS_spat_CAN/10FA002.csv already exists
File ../CAMELS_spat_NH/CAMELS_spat_CAN/10FB005.csv already exists
File ../CAMELS_spat_NH/CAMELS_spat_CAN/10GA001.csv already exists
File ../CAMELS_spat_NH/CAMELS_spat_CAN/10GC003.csv already exists
File ../CAMELS_spat_NH/CAMELS_spat_CAN/10KA007.csv already exists
File ../CAMELS_spat_NH/CAMELS_spat_CAN/10KB001.csv already exists
File ../CAMELS_spat_NH/CAMELS_spat_CAN/10LC003.csv already exists
File ../CAMELS_spat_NH/CAMELS_spat_CAN/10LC007.csv already exists
File ../CAMELS_spat_NH/CAMELS_spat_CAN/10MA002.csv already exists
File ../CAMELS_spat_NH/CAMELS_spat_CAN/10MA003.csv already exists
File ../CAMELS_spat_NH/CAMELS_spat_CAN/10ND002.csv already exists
File ../CAMELS_spat_NH/CAMELS_spat_CAN/10PC005.csv already exists
File ../CAMELS_spat_NH/CAMELS_spat_CAN/10QA001.csv already exists
File ../CAMELS_spat_NH/CAMELS_spat_CAN/10TF001.csv already exists
File ../CAMELS_spat_NH/CAMELS_spat_CAN/10UH001.csv already exists
File ../CAMELS_spat_NH/CAMELS_spat_CAN/11AA026.csv already exists
File ../CAMELS_spat_NH/CAMELS_spat_CAN/11AB075.csv already exists
File ../CAMELS_spat_NH/CAMELS_spat_CAN/11AB117.csv already exists
File ../CAMELS_spat_NH/CAMELS_spat_CAN/11AC025.csv already exists
File ../CAMELS_spat_NH/CAMELS_spat_USA/01013500.csv already exists
File ../CAMELS_spat_NH/CAMELS_spat_USA/01022500.csv already exists
File ../CAMELS_spat_NH/CAMELS_spat_USA/01030500.csv already exists
File ../CAMELS_spat_NH/CAMELS_spat_USA/01031500.csv already exists
File ../CAMELS_spat_NH/CAMELS_spat_USA/01047000.csv already exists
File ../CAMELS_spat_NH/CAMELS_spat_USA/01052500.csv already exists
File ../CAMELS_spat_NH/CAMELS_spat_USA/01054200.csv already exists
File ../CAMELS_spat_NH/CAMELS_spat_USA/01055000.csv already exists
File ../CAMELS_spat_NH/CAMELS_spat_USA/01057000.csv already exists
File ../CAMELS_spat_NH/CAMELS_spat_USA/01073000.csv already exists
File ../CAMELS_spat_NH/CAMELS_spat_USA/01078000.csv already exists
File ../CAMELS_spat_NH/CAMELS_spat_USA/01118300.csv already exists
File ../CAMELS_spat_NH/CAMELS_spat_USA/01121000.csv already exists
File ../CAMELS_spat_NH/CAMELS_spat_USA/01123000.csv already exists
File ../CAMELS_spat_NH/CAMELS_spat_USA/01134500.csv already exists
File ../CAMELS_spat_NH/CAMELS_spat_USA/01137500.csv already exists
File ../CAMELS_spat_NH/CAMELS_spat_USA/01139000.csv already exists
File ../CAMELS_spat_NH/CAMELS_spat_USA/01139800.csv already exists
File ../CAMELS_spat_NH/CAMELS_spat_USA/01142500.csv already exists
File ../CAMELS_spat_NH/CAMELS_spat_USA/01144000.csv already exists
File ../CAMELS_spat_NH/CAMELS_spat_USA/01162500.csv already exists
File ../CAMELS_spat_NH/CAMELS_spat_USA/01169000.csv already exists
File ../CAMELS_spat_NH/CAMELS_spat_USA/01170100.csv already exists
File ../CAMELS_spat_NH/CAMELS_spat_USA/01181000.csv already exists
File ../CAMELS_spat_NH/CAMELS_spat_USA/01187300.csv already exists
File ../CAMELS_spat_NH/CAMELS_spat_USA/01195100.csv already exists
File ../CAMELS_spat_NH/CAMELS_spat_USA/01333000.csv already exists
File ../CAMELS_spat_NH/CAMELS_spat_USA/01350000.csv already exists
File ../CAMELS_spat_NH/CAMELS_spat_USA/01350080.csv already exists
File ../CAMELS_spat_NH/CAMELS_spat_USA/01350140.csv already exists
File ../CAMELS_spat_NH/CAMELS_spat_USA/01365000.csv already exists
File ../CAMELS_spat_NH/CAMELS_spat_USA/01411300.csv already exists
File ../CAMELS_spat_NH/CAMELS_spat_USA/01413500.csv already exists
File ../CAMELS_spat_NH/CAMELS_spat_USA/01414500.csv already exists
File ../CAMELS_spat_NH/CAMELS_spat_USA/01415000.csv already exists
File ../CAMELS_spat_NH/CAMELS_spat_USA/01423000.csv already exists
File ../CAMELS_spat_NH/CAMELS_spat_USA/01434025.csv already exists
File ../CAMELS_spat_NH/CAMELS_spat_USA/01435000.csv already exists
File ../CAMELS_spat_NH/CAMELS_spat_USA/01439500.csv already exists
File ../CAMELS_spat_NH/CAMELS_spat_USA/01440000.csv already exists
File ../CAMELS_spat_NH/CAMELS_spat_USA/01440400.csv already exists
File ../CAMELS_spat_NH/CAMELS_spat_USA/01451800.csv already exists
File ../CAMELS_spat_NH/CAMELS_spat_USA/01466500.csv already exists
File ../CAMELS_spat_NH/CAMELS_spat_USA/01484100.csv already exists
File ../CAMELS_spat_NH/CAMELS_spat_USA/01485500.csv already exists
File ../CAMELS_spat_NH/CAMELS_spat_USA/01486000.csv already exists
File ../CAMELS_spat_NH/CAMELS_spat_USA/01487000.csv already exists
File ../CAMELS_spat_NH/CAMELS_spat_USA/01491000.csv already exists
File ../CAMELS_spat_NH/CAMELS_spat_USA/01510000.csv already exists
File ../CAMELS_spat_NH/CAMELS_spat_USA/01516500.csv already exists
File ../CAMELS_spat_NH/CAMELS_spat_USA/01518862.csv already exists
File ../CAMELS_spat_NH/CAMELS_spat_USA/01532000.csv already exists
File ../CAMELS_spat_NH/CAMELS_spat_USA/01539000.csv already exists
File ../CAMELS_spat_NH/CAMELS_spat_USA/01542810.csv already exists
File ../CAMELS_spat_NH/CAMELS_spat_USA/01543000.csv already exists
File ../CAMELS_spat_NH/CAMELS_spat_USA/01543500.csv already exists
File ../CAMELS_spat_NH/CAMELS_spat_USA/01544500.csv already exists
File ../CAMELS_spat_NH/CAMELS_spat_USA/01545600.csv already exists
File ../CAMELS_spat_NH/CAMELS_spat_USA/01547700.csv already exists
File ../CAMELS_spat_NH/CAMELS_spat_USA/01548500.csv already exists
File ../CAMELS_spat_NH/CAMELS_spat_USA/01549500.csv already exists
File ../CAMELS_spat_NH/CAMELS_spat_USA/01550000.csv already exists
File ../CAMELS_spat_NH/CAMELS_spat_USA/01552000.csv already exists
File ../CAMELS_spat_NH/CAMELS_spat_USA/01552500.csv already exists
File ../CAMELS_spat_NH/CAMELS_spat_USA/01557500.csv already exists
File ../CAMELS_spat_NH/CAMELS_spat_USA/01567500.csv already exists
File ../CAMELS_spat_NH/CAMELS_spat_USA/01568000.csv already exists
File ../CAMELS_spat_NH/CAMELS_spat_USA/01580000.csv already exists
File ../CAMELS_spat_NH/CAMELS_spat_USA/01583500.csv already exists
File ../CAMELS_spat_NH/CAMELS_spat_USA/01586610.csv already exists
File ../CAMELS_spat_NH/CAMELS_spat_USA/01591400.csv already exists
File ../CAMELS_spat_NH/CAMELS_spat_USA/01594950.csv already exists
File ../CAMELS_spat_NH/CAMELS_spat_USA/01596500.csv already exists
File ../CAMELS_spat_NH/CAMELS_spat_USA/01605500.csv already exists
File ../CAMELS_spat_NH/CAMELS_spat_USA/01606500.csv already exists
File ../CAMELS_spat_NH/CAMELS_spat_USA/01613050.csv already exists
File ../CAMELS_spat_NH/CAMELS_spat_USA/01620500.csv already exists
File ../CAMELS_spat_NH/CAMELS_spat_USA/01632000.csv already exists
File ../CAMELS_spat_NH/CAMELS_spat_USA/01632900.csv already exists
File ../CAMELS_spat_NH/CAMELS_spat_USA/01634500.csv already exists
File ../CAMELS_spat_NH/CAMELS_spat_USA/01638480.csv already exists
File ../CAMELS_spat_NH/CAMELS_spat_USA/01639500.csv already exists
File ../CAMELS_spat_NH/CAMELS_spat_USA/01644000.csv already exists
File ../CAMELS_spat_NH/CAMELS_spat_USA/01658500.csv already exists
File ../CAMELS_spat_NH/CAMELS_spat_USA/01664000.csv already exists
File ../CAMELS_spat_NH/CAMELS_spat_USA/01666500.csv already exists
File ../CAMELS_spat_NH/CAMELS_spat_USA/01667500.csv already exists
File ../CAMELS_spat_NH/CAMELS_spat_USA/01669000.csv already exists
File ../CAMELS_spat_NH/CAMELS_spat_USA/01669520.csv already exists
File ../CAMELS_spat_NH/CAMELS_spat_USA/02011400.csv already exists
File ../CAMELS_spat_NH/CAMELS_spat_USA/02011460.csv already exists
File ../CAMELS_spat_NH/CAMELS_spat_USA/02013000.csv already exists
File ../CAMELS_spat_NH/CAMELS_spat_USA/02014000.csv already exists
File ../CAMELS_spat_NH/CAMELS_spat_USA/02015700.csv already exists
File ../CAMELS_spat_NH/CAMELS_spat_USA/02016000.csv already exists
File ../CAMELS_spat_NH/CAMELS_spat_USA/02017500.csv already exists
File ../CAMELS_spat_NH/CAMELS_spat_USA/02018000.csv already exists
File ../CAMELS_spat_NH/CAMELS_spat_USA/02027000.csv already exists
File ../CAMELS_spat_NH/CAMELS_spat_USA/02027500.csv already exists
File ../CAMELS_spat_NH/CAMELS_spat_USA/02028500.csv already exists
File ../CAMELS_spat_NH/CAMELS_spat_USA/02038850.csv already exists
File ../CAMELS_spat_NH/CAMELS_spat_USA/02046000.csv already exists
File ../CAMELS_spat_NH/CAMELS_spat_USA/02051000.csv already exists
File ../CAMELS_spat_NH/CAMELS_spat_USA/02051500.csv already exists
File ../CAMELS_spat_NH/CAMELS_spat_USA/02053200.csv already exists
File ../CAMELS_spat_NH/CAMELS_spat_USA/02053800.csv already exists
File ../CAMELS_spat_NH/CAMELS_spat_USA/02055100.csv already exists
File ../CAMELS_spat_NH/CAMELS_spat_USA/02056900.csv already exists
File ../CAMELS_spat_NH/CAMELS_spat_USA/02059500.csv already exists
File ../CAMELS_spat_NH/CAMELS_spat_USA/02064000.csv already exists
File ../CAMELS_spat_NH/CAMELS_spat_USA/02065500.csv already exists
File ../CAMELS_spat_NH/CAMELS_spat_USA/02069700.csv already exists
File ../CAMELS_spat_NH/CAMELS_spat_USA/02070000.csv already exists
File ../CAMELS_spat_NH/CAMELS_spat_USA/02074500.csv already exists
File ../CAMELS_spat_NH/CAMELS_spat_USA/02077200.csv already exists
File ../CAMELS_spat_NH/CAMELS_spat_USA/02081500.csv already exists
File ../CAMELS_spat_NH/CAMELS_spat_USA/02082950.csv already exists
File ../CAMELS_spat_NH/CAMELS_spat_USA/02092500.csv already exists
File ../CAMELS_spat_NH/CAMELS_spat_USA/02096846.csv already exists
File ../CAMELS_spat_NH/CAMELS_spat_USA/02102908.csv already exists
File ../CAMELS_spat_NH/CAMELS_spat_USA/02108000.csv already exists
File ../CAMELS_spat_NH/CAMELS_spat_USA/02111180.csv already exists
File ../CAMELS_spat_NH/CAMELS_spat_USA/02111500.csv already exists
File ../CAMELS_spat_NH/CAMELS_spat_USA/02112120.csv already exists
File ../CAMELS_spat_NH/CAMELS_spat_USA/02112360.csv already exists
File ../CAMELS_spat_NH/CAMELS_spat_USA/02118500.csv already exists
File ../CAMELS_spat_NH/CAMELS_spat_USA/02125000.csv already exists
File ../CAMELS_spat_NH/CAMELS_spat_USA/02128000.csv already exists
File ../CAMELS_spat_NH/CAMELS_spat_USA/02137727.csv already exists
File ../CAMELS_spat_NH/CAMELS_spat_USA/02140991.csv already exists
File ../CAMELS_spat_NH/CAMELS_spat_USA/02143000.csv already exists
File ../CAMELS_spat_NH/CAMELS_spat_USA/02143040.csv already exists
File ../CAMELS_spat_NH/CAMELS_spat_USA/02149000.csv already exists
File ../CAMELS_spat_NH/CAMELS_spat_USA/02152100.csv already exists
File ../CAMELS_spat_NH/CAMELS_spat_USA/02177000.csv already exists
File ../CAMELS_spat_NH/CAMELS_spat_USA/02178400.csv already exists
File ../CAMELS_spat_NH/CAMELS_spat_USA/02193340.csv already exists
File ../CAMELS_spat_NH/CAMELS_spat_USA/02196000.csv already exists
File ../CAMELS_spat_NH/CAMELS_spat_USA/02198100.csv already exists
File ../CAMELS_spat_NH/CAMELS_spat_USA/02202600.csv already exists
File ../CAMELS_spat_NH/CAMELS_spat_USA/02212600.csv already exists
File ../CAMELS_spat_NH/CAMELS_spat_USA/02215100.csv already exists
File ../CAMELS_spat_NH/CAMELS_spat_USA/02216180.csv already exists
File ../CAMELS_spat_NH/CAMELS_spat_USA/02221525.csv already exists
File ../CAMELS_spat_NH/CAMELS_spat_USA/02231000.csv already exists
File ../CAMELS_spat_NH/CAMELS_spat_USA/02231342.csv already exists
File ../CAMELS_spat_NH/CAMELS_spat_USA/02235200.csv already exists
File ../CAMELS_spat_NH/CAMELS_spat_USA/02245500.csv already exists
File ../CAMELS_spat_NH/CAMELS_spat_USA/02246000.csv already exists
File ../CAMELS_spat_NH/CAMELS_spat_USA/02296500.csv already exists
File ../CAMELS_spat_NH/CAMELS_spat_USA/02297155.csv already exists
File ../CAMELS_spat_NH/CAMELS_spat_USA/02297310.csv already exists
File ../CAMELS_spat_NH/CAMELS_spat_USA/02298123.csv already exists
File ../CAMELS_spat_NH/CAMELS_spat_USA/02298608.csv already exists
File ../CAMELS_spat_NH/CAMELS_spat_USA/02299950.csv already exists
File ../CAMELS_spat_NH/CAMELS_spat_USA/02300700.csv already exists
File ../CAMELS_spat_NH/CAMELS_spat_USA/02310947.csv already exists
File ../CAMELS_spat_NH/CAMELS_spat_USA/02312200.csv already exists
File ../CAMELS_spat_NH/CAMELS_spat_USA/02314500.csv already exists
File ../CAMELS_spat_NH/CAMELS_spat_USA/02315500.csv already exists
File ../CAMELS_spat_NH/CAMELS_spat_USA/02324400.csv already exists
File ../CAMELS_spat_NH/CAMELS_spat_USA/02327100.csv already exists
File ../CAMELS_spat_NH/CAMELS_spat_USA/02349900.csv already exists
File ../CAMELS_spat_NH/CAMELS_spat_USA/02350900.csv already exists
File ../CAMELS_spat_NH/CAMELS_spat_USA/02361000.csv already exists
File ../CAMELS_spat_NH/CAMELS_spat_USA/02363000.csv already exists
File ../CAMELS_spat_NH/CAMELS_spat_USA/02369800.csv already exists
File ../CAMELS_spat_NH/CAMELS_spat_USA/02371500.csv already exists
File ../CAMELS_spat_NH/CAMELS_spat_USA/02372250.csv already exists
File ../CAMELS_spat_NH/CAMELS_spat_USA/02374500.csv already exists
File ../CAMELS_spat_NH/CAMELS_spat_USA/02381600.csv already exists
File ../CAMELS_spat_NH/CAMELS_spat_USA/02384540.csv already exists
File ../CAMELS_spat_NH/CAMELS_spat_USA/02395120.csv already exists
File ../CAMELS_spat_NH/CAMELS_spat_USA/02408540.csv already exists
File ../CAMELS_spat_NH/CAMELS_spat_USA/02415000.csv already exists
File ../CAMELS_spat_NH/CAMELS_spat_USA/02422500.csv already exists
File ../CAMELS_spat_NH/CAMELS_spat_USA/02427250.csv already exists
File ../CAMELS_spat_NH/CAMELS_spat_USA/02430085.csv already exists
File ../CAMELS_spat_NH/CAMELS_spat_USA/02430615.csv already exists
File ../CAMELS_spat_NH/CAMELS_spat_USA/02450250.csv already exists
File ../CAMELS_spat_NH/CAMELS_spat_USA/02464000.csv already exists
File ../CAMELS_spat_NH/CAMELS_spat_USA/02464146.csv already exists
File ../CAMELS_spat_NH/CAMELS_spat_USA/02465493.csv already exists
File ../CAMELS_spat_NH/CAMELS_spat_USA/02469800.csv already exists
File ../CAMELS_spat_NH/CAMELS_spat_USA/02472000.csv already exists
File ../CAMELS_spat_NH/CAMELS_spat_USA/02472500.csv already exists
File ../CAMELS_spat_NH/CAMELS_spat_USA/02479155.csv already exists
File ../CAMELS_spat_NH/CAMELS_spat_USA/02479300.csv already exists
File ../CAMELS_spat_NH/CAMELS_spat_USA/02479560.csv already exists
File ../CAMELS_spat_NH/CAMELS_spat_USA/02481000.csv already exists
File ../CAMELS_spat_NH/CAMELS_spat_USA/02481510.csv already exists
File ../CAMELS_spat_NH/CAMELS_spat_USA/03010655.csv already exists
File ../CAMELS_spat_NH/CAMELS_spat_USA/03011800.csv already exists
File ../CAMELS_spat_NH/CAMELS_spat_USA/03015500.csv already exists
File ../CAMELS_spat_NH/CAMELS_spat_USA/03021350.csv already exists
File ../CAMELS_spat_NH/CAMELS_spat_USA/03026500.csv already exists
File ../CAMELS_spat_NH/CAMELS_spat_USA/03028000.csv already exists
File ../CAMELS_spat_NH/CAMELS_spat_USA/03049000.csv already exists
File ../CAMELS_spat_NH/CAMELS_spat_USA/03049800.csv already exists
File ../CAMELS_spat_NH/CAMELS_spat_USA/03050000.csv already exists
File ../CAMELS_spat_NH/CAMELS_spat_USA/03066000.csv already exists
File ../CAMELS_spat_NH/CAMELS_spat_USA/03069500.csv already exists
File ../CAMELS_spat_NH/CAMELS_spat_USA/03070500.csv already exists
File ../CAMELS_spat_NH/CAMELS_spat_USA/03076600.csv already exists
File ../CAMELS_spat_NH/CAMELS_spat_USA/03078000.csv already exists
File ../CAMELS_spat_NH/CAMELS_spat_USA/03140000.csv already exists
File ../CAMELS_spat_NH/CAMELS_spat_USA/03144000.csv already exists
File ../CAMELS_spat_NH/CAMELS_spat_USA/03159540.csv already exists
File ../CAMELS_spat_NH/CAMELS_spat_USA/03161000.csv already exists
File ../CAMELS_spat_NH/CAMELS_spat_USA/03164000.csv already exists
File ../CAMELS_spat_NH/CAMELS_spat_USA/03165000.csv already exists
File ../CAMELS_spat_NH/CAMELS_spat_USA/03170000.csv already exists
File ../CAMELS_spat_NH/CAMELS_spat_USA/03173000.csv already exists
File ../CAMELS_spat_NH/CAMELS_spat_USA/03180500.csv already exists
File ../CAMELS_spat_NH/CAMELS_spat_USA/03182500.csv already exists
File ../CAMELS_spat_NH/CAMELS_spat_USA/03186500.csv already exists
File ../CAMELS_spat_NH/CAMELS_spat_USA/03187500.csv already exists
File ../CAMELS_spat_NH/CAMELS_spat_USA/03213700.csv already exists
File ../CAMELS_spat_NH/CAMELS_spat_USA/03237280.csv already exists
File ../CAMELS_spat_NH/CAMELS_spat_USA/03237500.csv already exists
File ../CAMELS_spat_NH/CAMELS_spat_USA/03238500.csv already exists
File ../CAMELS_spat_NH/CAMELS_spat_USA/03241500.csv already exists
File ../CAMELS_spat_NH/CAMELS_spat_USA/03280700.csv already exists
File ../CAMELS_spat_NH/CAMELS_spat_USA/03281100.csv already exists
File ../CAMELS_spat_NH/CAMELS_spat_USA/03281500.csv already exists
File ../CAMELS_spat_NH/CAMELS_spat_USA/03285000.csv already exists
File ../CAMELS_spat_NH/CAMELS_spat_USA/03291780.csv already exists
File ../CAMELS_spat_NH/CAMELS_spat_USA/03300400.csv already exists
File ../CAMELS_spat_NH/CAMELS_spat_USA/03338780.csv already exists
File ../CAMELS_spat_NH/CAMELS_spat_USA/03340800.csv already exists
File ../CAMELS_spat_NH/CAMELS_spat_USA/03346000.csv already exists
File ../CAMELS_spat_NH/CAMELS_spat_USA/03357350.csv already exists
File ../CAMELS_spat_NH/CAMELS_spat_USA/03364500.csv already exists
File ../CAMELS_spat_NH/CAMELS_spat_USA/03366500.csv already exists
File ../CAMELS_spat_NH/CAMELS_spat_USA/03368000.csv already exists
File ../CAMELS_spat_NH/CAMELS_spat_USA/03384450.csv already exists
File ../CAMELS_spat_NH/CAMELS_spat_USA/03439000.csv already exists
File ../CAMELS_spat_NH/CAMELS_spat_USA/03450000.csv already exists
File ../CAMELS_spat_NH/CAMELS_spat_USA/03455500.csv already exists
File ../CAMELS_spat_NH/CAMELS_spat_USA/03456500.csv already exists
File ../CAMELS_spat_NH/CAMELS_spat_USA/03460000.csv already exists
File ../CAMELS_spat_NH/CAMELS_spat_USA/03463300.csv already exists
File ../CAMELS_spat_NH/CAMELS_spat_USA/03471500.csv already exists
File ../CAMELS_spat_NH/CAMELS_spat_USA/03473000.csv already exists
File ../CAMELS_spat_NH/CAMELS_spat_USA/03479000.csv already exists
File ../CAMELS_spat_NH/CAMELS_spat_USA/03488000.csv already exists
File ../CAMELS_spat_NH/CAMELS_spat_USA/03498500.csv already exists
File ../CAMELS_spat_NH/CAMELS_spat_USA/03500000.csv already exists
File ../CAMELS_spat_NH/CAMELS_spat_USA/03500240.csv already exists
File ../CAMELS_spat_NH/CAMELS_spat_USA/03504000.csv already exists
File ../CAMELS_spat_NH/CAMELS_spat_USA/03574500.csv already exists
File ../CAMELS_spat_NH/CAMELS_spat_USA/03592718.csv already exists
File ../CAMELS_spat_NH/CAMELS_spat_USA/03604000.csv already exists
File ../CAMELS_spat_NH/CAMELS_spat_USA/04015330.csv already exists
File ../CAMELS_spat_NH/CAMELS_spat_USA/04024430.csv already exists
File ../CAMELS_spat_NH/CAMELS_spat_USA/04027000.csv already exists
File ../CAMELS_spat_NH/CAMELS_spat_USA/04040500.csv already exists
File ../CAMELS_spat_NH/CAMELS_spat_USA/04043050.csv already exists
File ../CAMELS_spat_NH/CAMELS_spat_USA/04045500.csv already exists
File ../CAMELS_spat_NH/CAMELS_spat_USA/04056500.csv already exists
File ../CAMELS_spat_NH/CAMELS_spat_USA/04057510.csv already exists
File ../CAMELS_spat_NH/CAMELS_spat_USA/04057800.csv already exists
File ../CAMELS_spat_NH/CAMELS_spat_USA/04059500.csv already exists
File ../CAMELS_spat_NH/CAMELS_spat_USA/04063700.csv already exists
File ../CAMELS_spat_NH/CAMELS_spat_USA/04074950.csv already exists
File ../CAMELS_spat_NH/CAMELS_spat_USA/04105700.csv already exists
File ../CAMELS_spat_NH/CAMELS_spat_USA/04115265.csv already exists
File ../CAMELS_spat_NH/CAMELS_spat_USA/04122200.csv already exists
File ../CAMELS_spat_NH/CAMELS_spat_USA/04122500.csv already exists
File ../CAMELS_spat_NH/CAMELS_spat_USA/04124000.csv already exists
File ../CAMELS_spat_NH/CAMELS_spat_USA/04127918.csv already exists
File ../CAMELS_spat_NH/CAMELS_spat_USA/04127997.csv already exists
File ../CAMELS_spat_NH/CAMELS_spat_USA/04161580.csv already exists
File ../CAMELS_spat_NH/CAMELS_spat_USA/04185000.csv already exists
File ../CAMELS_spat_NH/CAMELS_spat_USA/04196800.csv already exists
File ../CAMELS_spat_NH/CAMELS_spat_USA/04197100.csv already exists
File ../CAMELS_spat_NH/CAMELS_spat_USA/04197170.csv already exists
File ../CAMELS_spat_NH/CAMELS_spat_USA/04213000.csv already exists
File ../CAMELS_spat_NH/CAMELS_spat_USA/04213075.csv already exists
File ../CAMELS_spat_NH/CAMELS_spat_USA/04216418.csv already exists
File ../CAMELS_spat_NH/CAMELS_spat_USA/04221000.csv already exists
File ../CAMELS_spat_NH/CAMELS_spat_USA/04224775.csv already exists
File ../CAMELS_spat_NH/CAMELS_spat_USA/04233000.csv already exists
File ../CAMELS_spat_NH/CAMELS_spat_USA/04256000.csv already exists
File ../CAMELS_spat_NH/CAMELS_spat_USA/04296000.csv already exists
File ../CAMELS_spat_NH/CAMELS_spat_USA/05056000.csv already exists
File ../CAMELS_spat_NH/CAMELS_spat_USA/05057000.csv already exists
File ../CAMELS_spat_NH/CAMELS_spat_USA/05057200.csv already exists
File ../CAMELS_spat_NH/CAMELS_spat_USA/05062500.csv already exists
File ../CAMELS_spat_NH/CAMELS_spat_USA/05087500.csv already exists
File ../CAMELS_spat_NH/CAMELS_spat_USA/05120500.csv already exists
File ../CAMELS_spat_NH/CAMELS_spat_USA/05123400.csv already exists
File ../CAMELS_spat_NH/CAMELS_spat_USA/05129115.csv already exists
File ../CAMELS_spat_NH/CAMELS_spat_USA/05131500.csv already exists
File ../CAMELS_spat_NH/CAMELS_spat_USA/05291000.csv already exists
File ../CAMELS_spat_NH/CAMELS_spat_USA/05362000.csv already exists
File ../CAMELS_spat_NH/CAMELS_spat_USA/05393500.csv already exists
File ../CAMELS_spat_NH/CAMELS_spat_USA/05399500.csv already exists
File ../CAMELS_spat_NH/CAMELS_spat_USA/05408000.csv already exists
File ../CAMELS_spat_NH/CAMELS_spat_USA/05412500.csv already exists
File ../CAMELS_spat_NH/CAMELS_spat_USA/05413500.csv already exists
File ../CAMELS_spat_NH/CAMELS_spat_USA/05414000.csv already exists
File ../CAMELS_spat_NH/CAMELS_spat_USA/05444000.csv already exists
File ../CAMELS_spat_NH/CAMELS_spat_USA/05454000.csv already exists
File ../CAMELS_spat_NH/CAMELS_spat_USA/05458000.csv already exists
File ../CAMELS_spat_NH/CAMELS_spat_USA/05466500.csv already exists
File ../CAMELS_spat_NH/CAMELS_spat_USA/05487980.csv already exists
File ../CAMELS_spat_NH/CAMELS_spat_USA/05488200.csv already exists
File ../CAMELS_spat_NH/CAMELS_spat_USA/05489000.csv already exists
File ../CAMELS_spat_NH/CAMELS_spat_USA/05495000.csv already exists
File ../CAMELS_spat_NH/CAMELS_spat_USA/05495500.csv already exists
File ../CAMELS_spat_NH/CAMELS_spat_USA/05501000.csv already exists
File ../CAMELS_spat_NH/CAMELS_spat_USA/05503800.csv already exists
File ../CAMELS_spat_NH/CAMELS_spat_USA/05507600.csv already exists
File ../CAMELS_spat_NH/CAMELS_spat_USA/05508805.csv already exists
File ../CAMELS_spat_NH/CAMELS_spat_USA/05514500.csv already exists
File ../CAMELS_spat_NH/CAMELS_spat_USA/05525500.csv already exists
File ../CAMELS_spat_NH/CAMELS_spat_USA/05556500.csv already exists
File ../CAMELS_spat_NH/CAMELS_spat_USA/05584500.csv already exists
File ../CAMELS_spat_NH/CAMELS_spat_USA/05585000.csv already exists
File ../CAMELS_spat_NH/CAMELS_spat_USA/05591550.csv already exists
File ../CAMELS_spat_NH/CAMELS_spat_USA/05592050.csv already exists
File ../CAMELS_spat_NH/CAMELS_spat_USA/05592575.csv already exists
File ../CAMELS_spat_NH/CAMELS_spat_USA/05593575.csv already exists
File ../CAMELS_spat_NH/CAMELS_spat_USA/05593900.csv already exists
File ../CAMELS_spat_NH/CAMELS_spat_USA/05595730.csv already exists
File ../CAMELS_spat_NH/CAMELS_spat_USA/06037500.csv already exists
File ../CAMELS_spat_NH/CAMELS_spat_USA/06043500.csv already exists
File ../CAMELS_spat_NH/CAMELS_spat_USA/06154410.csv already exists
File ../CAMELS_spat_NH/CAMELS_spat_USA/06188000.csv already exists
File ../CAMELS_spat_NH/CAMELS_spat_USA/06191500.csv already exists
File ../CAMELS_spat_NH/CAMELS_spat_USA/06221400.csv already exists
File ../CAMELS_spat_NH/CAMELS_spat_USA/06224000.csv already exists
File ../CAMELS_spat_NH/CAMELS_spat_USA/06278300.csv already exists
File ../CAMELS_spat_NH/CAMELS_spat_USA/06280300.csv already exists
File ../CAMELS_spat_NH/CAMELS_spat_USA/06289000.csv already exists
File ../CAMELS_spat_NH/CAMELS_spat_USA/06291500.csv already exists
File ../CAMELS_spat_NH/CAMELS_spat_USA/06311000.csv already exists
File ../CAMELS_spat_NH/CAMELS_spat_USA/06332515.csv already exists
File ../CAMELS_spat_NH/CAMELS_spat_USA/06339100.csv already exists
File ../CAMELS_spat_NH/CAMELS_spat_USA/06339500.csv already exists
File ../CAMELS_spat_NH/CAMELS_spat_USA/06344600.csv already exists
File ../CAMELS_spat_NH/CAMELS_spat_USA/06350000.csv already exists
File ../CAMELS_spat_NH/CAMELS_spat_USA/06352000.csv already exists
File ../CAMELS_spat_NH/CAMELS_spat_USA/06353000.csv already exists
File ../CAMELS_spat_NH/CAMELS_spat_USA/06404000.csv already exists
File ../CAMELS_spat_NH/CAMELS_spat_USA/06406000.csv already exists
File ../CAMELS_spat_NH/CAMELS_spat_USA/06408700.csv already exists
File ../CAMELS_spat_NH/CAMELS_spat_USA/06409000.csv already exists
File ../CAMELS_spat_NH/CAMELS_spat_USA/06431500.csv already exists
File ../CAMELS_spat_NH/CAMELS_spat_USA/06440200.csv already exists
File ../CAMELS_spat_NH/CAMELS_spat_USA/06441500.csv already exists
File ../CAMELS_spat_NH/CAMELS_spat_USA/06447500.csv already exists
File ../CAMELS_spat_NH/CAMELS_spat_USA/06450500.csv already exists
File ../CAMELS_spat_NH/CAMELS_spat_USA/06453600.csv already exists
File ../CAMELS_spat_NH/CAMELS_spat_USA/06464500.csv already exists
File ../CAMELS_spat_NH/CAMELS_spat_USA/06468170.csv already exists
File ../CAMELS_spat_NH/CAMELS_spat_USA/06468250.csv already exists
File ../CAMELS_spat_NH/CAMELS_spat_USA/06470800.csv already exists
File ../CAMELS_spat_NH/CAMELS_spat_USA/06477500.csv already exists
File ../CAMELS_spat_NH/CAMELS_spat_USA/06479215.csv already exists
File ../CAMELS_spat_NH/CAMELS_spat_USA/06479438.csv already exists
File ../CAMELS_spat_NH/CAMELS_spat_USA/06601000.csv already exists
File ../CAMELS_spat_NH/CAMELS_spat_USA/06614800.csv already exists
File ../CAMELS_spat_NH/CAMELS_spat_USA/06622700.csv already exists
File ../CAMELS_spat_NH/CAMELS_spat_USA/06623800.csv already exists
File ../CAMELS_spat_NH/CAMELS_spat_USA/06632400.csv already exists
File ../CAMELS_spat_NH/CAMELS_spat_USA/06746095.csv already exists
File ../CAMELS_spat_NH/CAMELS_spat_USA/06784000.csv already exists
File ../CAMELS_spat_NH/CAMELS_spat_USA/06803510.csv already exists
File ../CAMELS_spat_NH/CAMELS_spat_USA/06803530.csv already exists
File ../CAMELS_spat_NH/CAMELS_spat_USA/06814000.csv already exists
File ../CAMELS_spat_NH/CAMELS_spat_USA/06847900.csv already exists
File ../CAMELS_spat_NH/CAMELS_spat_USA/06853800.csv already exists
File ../CAMELS_spat_NH/CAMELS_spat_USA/06876700.csv already exists
File ../CAMELS_spat_NH/CAMELS_spat_USA/06878000.csv already exists
File ../CAMELS_spat_NH/CAMELS_spat_USA/06879650.csv already exists
File ../CAMELS_spat_NH/CAMELS_spat_USA/06885500.csv already exists
File ../CAMELS_spat_NH/CAMELS_spat_USA/06888500.csv already exists
File ../CAMELS_spat_NH/CAMELS_spat_USA/06889200.csv already exists
File ../CAMELS_spat_NH/CAMELS_spat_USA/06889500.csv already exists
File ../CAMELS_spat_NH/CAMELS_spat_USA/06892000.csv already exists
File ../CAMELS_spat_NH/CAMELS_spat_USA/06903400.csv already exists
File ../CAMELS_spat_NH/CAMELS_spat_USA/06906800.csv already exists
File ../CAMELS_spat_NH/CAMELS_spat_USA/06910800.csv already exists
File ../CAMELS_spat_NH/CAMELS_spat_USA/06911900.csv already exists
File ../CAMELS_spat_NH/CAMELS_spat_USA/06917000.csv already exists
File ../CAMELS_spat_NH/CAMELS_spat_USA/06918460.csv already exists
File ../CAMELS_spat_NH/CAMELS_spat_USA/06919500.csv already exists
File ../CAMELS_spat_NH/CAMELS_spat_USA/06921070.csv already exists
File ../CAMELS_spat_NH/CAMELS_spat_USA/06921200.csv already exists
File ../CAMELS_spat_NH/CAMELS_spat_USA/06934000.csv already exists
File ../CAMELS_spat_NH/CAMELS_spat_USA/07014500.csv already exists
File ../CAMELS_spat_NH/CAMELS_spat_USA/07056000.csv already exists
File ../CAMELS_spat_NH/CAMELS_spat_USA/07057500.csv already exists
File ../CAMELS_spat_NH/CAMELS_spat_USA/07060710.csv already exists
File ../CAMELS_spat_NH/CAMELS_spat_USA/07066000.csv already exists
File ../CAMELS_spat_NH/CAMELS_spat_USA/07067000.csv already exists
File ../CAMELS_spat_NH/CAMELS_spat_USA/07068000.csv already exists
File ../CAMELS_spat_NH/CAMELS_spat_USA/07071500.csv already exists
File ../CAMELS_spat_NH/CAMELS_spat_USA/07083000.csv already exists
File ../CAMELS_spat_NH/CAMELS_spat_USA/07142300.csv already exists
File ../CAMELS_spat_NH/CAMELS_spat_USA/07145700.csv already exists
File ../CAMELS_spat_NH/CAMELS_spat_USA/07148400.csv already exists
File ../CAMELS_spat_NH/CAMELS_spat_USA/07149000.csv already exists
File ../CAMELS_spat_NH/CAMELS_spat_USA/07151500.csv already exists
File ../CAMELS_spat_NH/CAMELS_spat_USA/07167500.csv already exists
File ../CAMELS_spat_NH/CAMELS_spat_USA/07180500.csv already exists
File ../CAMELS_spat_NH/CAMELS_spat_USA/07184000.csv already exists
File ../CAMELS_spat_NH/CAMELS_spat_USA/07195800.csv already exists
File ../CAMELS_spat_NH/CAMELS_spat_USA/07196900.csv already exists
File ../CAMELS_spat_NH/CAMELS_spat_USA/07197000.csv already exists
File ../CAMELS_spat_NH/CAMELS_spat_USA/07208500.csv already exists
File ../CAMELS_spat_NH/CAMELS_spat_USA/07226500.csv already exists
File ../CAMELS_spat_NH/CAMELS_spat_USA/07261000.csv already exists
File ../CAMELS_spat_NH/CAMELS_spat_USA/07263295.csv already exists
File ../CAMELS_spat_NH/CAMELS_spat_USA/07290650.csv already exists
File ../CAMELS_spat_NH/CAMELS_spat_USA/07291000.csv already exists
File ../CAMELS_spat_NH/CAMELS_spat_USA/07292500.csv already exists
File ../CAMELS_spat_NH/CAMELS_spat_USA/07295000.csv already exists
File ../CAMELS_spat_NH/CAMELS_spat_USA/07299670.csv already exists
File ../CAMELS_spat_NH/CAMELS_spat_USA/07301410.csv already exists
File ../CAMELS_spat_NH/CAMELS_spat_USA/07301500.csv already exists
File ../CAMELS_spat_NH/CAMELS_spat_USA/07315200.csv already exists
File ../CAMELS_spat_NH/CAMELS_spat_USA/07315700.csv already exists
File ../CAMELS_spat_NH/CAMELS_spat_USA/07335700.csv already exists
File ../CAMELS_spat_NH/CAMELS_spat_USA/07340300.csv already exists
File ../CAMELS_spat_NH/CAMELS_spat_USA/07346045.csv already exists
File ../CAMELS_spat_NH/CAMELS_spat_USA/07359610.csv already exists
File ../CAMELS_spat_NH/CAMELS_spat_USA/07362100.csv already exists
File ../CAMELS_spat_NH/CAMELS_spat_USA/07362587.csv already exists
File ../CAMELS_spat_NH/CAMELS_spat_USA/07373000.csv already exists
File ../CAMELS_spat_NH/CAMELS_spat_USA/07375000.csv already exists
File ../CAMELS_spat_NH/CAMELS_spat_USA/07376000.csv already exists
File ../CAMELS_spat_NH/CAMELS_spat_USA/08013000.csv already exists
File ../CAMELS_spat_NH/CAMELS_spat_USA/08014500.csv already exists
File ../CAMELS_spat_NH/CAMELS_spat_USA/08023080.csv already exists
File ../CAMELS_spat_NH/CAMELS_spat_USA/08025500.csv already exists
File ../CAMELS_spat_NH/CAMELS_spat_USA/08029500.csv already exists
File ../CAMELS_spat_NH/CAMELS_spat_USA/08050800.csv already exists
File ../CAMELS_spat_NH/CAMELS_spat_USA/08066200.csv already exists
File ../CAMELS_spat_NH/CAMELS_spat_USA/08066300.csv already exists
File ../CAMELS_spat_NH/CAMELS_spat_USA/08070000.csv already exists
File ../CAMELS_spat_NH/CAMELS_spat_USA/08070200.csv already exists
File ../CAMELS_spat_NH/CAMELS_spat_USA/08079600.csv already exists
File ../CAMELS_spat_NH/CAMELS_spat_USA/08082700.csv already exists
File ../CAMELS_spat_NH/CAMELS_spat_USA/08086212.csv already exists
File ../CAMELS_spat_NH/CAMELS_spat_USA/08086290.csv already exists
File ../CAMELS_spat_NH/CAMELS_spat_USA/08101000.csv already exists
File ../CAMELS_spat_NH/CAMELS_spat_USA/08103900.csv already exists
File ../CAMELS_spat_NH/CAMELS_spat_USA/08104900.csv already exists
File ../CAMELS_spat_NH/CAMELS_spat_USA/08109700.csv already exists
File ../CAMELS_spat_NH/CAMELS_spat_USA/08150800.csv already exists
File ../CAMELS_spat_NH/CAMELS_spat_USA/08155200.csv already exists
File ../CAMELS_spat_NH/CAMELS_spat_USA/08158700.csv already exists
File ../CAMELS_spat_NH/CAMELS_spat_USA/08158810.csv already exists
File ../CAMELS_spat_NH/CAMELS_spat_USA/08164000.csv already exists
File ../CAMELS_spat_NH/CAMELS_spat_USA/08164300.csv already exists
File ../CAMELS_spat_NH/CAMELS_spat_USA/08164600.csv already exists
File ../CAMELS_spat_NH/CAMELS_spat_USA/08165300.csv already exists
File ../CAMELS_spat_NH/CAMELS_spat_USA/08171300.csv already exists
File ../CAMELS_spat_NH/CAMELS_spat_USA/08175000.csv already exists
File ../CAMELS_spat_NH/CAMELS_spat_USA/08176900.csv already exists
File ../CAMELS_spat_NH/CAMELS_spat_USA/08178880.csv already exists
File ../CAMELS_spat_NH/CAMELS_spat_USA/08189500.csv already exists
File ../CAMELS_spat_NH/CAMELS_spat_USA/08190000.csv already exists
File ../CAMELS_spat_NH/CAMELS_spat_USA/08190500.csv already exists
File ../CAMELS_spat_NH/CAMELS_spat_USA/08194200.csv already exists
File ../CAMELS_spat_NH/CAMELS_spat_USA/08195000.csv already exists
File ../CAMELS_spat_NH/CAMELS_spat_USA/08196000.csv already exists
File ../CAMELS_spat_NH/CAMELS_spat_USA/08198500.csv already exists
File ../CAMELS_spat_NH/CAMELS_spat_USA/08200000.csv already exists
File ../CAMELS_spat_NH/CAMELS_spat_USA/08202700.csv already exists
File ../CAMELS_spat_NH/CAMELS_spat_USA/08267500.csv already exists
File ../CAMELS_spat_NH/CAMELS_spat_USA/08269000.csv already exists
File ../CAMELS_spat_NH/CAMELS_spat_USA/08271000.csv already exists
File ../CAMELS_spat_NH/CAMELS_spat_USA/08324000.csv already exists
File ../CAMELS_spat_NH/CAMELS_spat_USA/08377900.csv already exists
File ../CAMELS_spat_NH/CAMELS_spat_USA/08378500.csv already exists
File ../CAMELS_spat_NH/CAMELS_spat_USA/08380500.csv already exists
File ../CAMELS_spat_NH/CAMELS_spat_USA/09034900.csv already exists
File ../CAMELS_spat_NH/CAMELS_spat_USA/09035800.csv already exists
File ../CAMELS_spat_NH/CAMELS_spat_USA/09035900.csv already exists
File ../CAMELS_spat_NH/CAMELS_spat_USA/09047700.csv already exists
File ../CAMELS_spat_NH/CAMELS_spat_USA/09065500.csv already exists
File ../CAMELS_spat_NH/CAMELS_spat_USA/09066000.csv already exists
File ../CAMELS_spat_NH/CAMELS_spat_USA/09066200.csv already exists
File ../CAMELS_spat_NH/CAMELS_spat_USA/09066300.csv already exists
File ../CAMELS_spat_NH/CAMELS_spat_USA/09081600.csv already exists
File ../CAMELS_spat_NH/CAMELS_spat_USA/09107000.csv already exists
File ../CAMELS_spat_NH/CAMELS_spat_USA/09210500.csv already exists
File ../CAMELS_spat_NH/CAMELS_spat_USA/09223000.csv already exists
File ../CAMELS_spat_NH/CAMELS_spat_USA/09306242.csv already exists
File ../CAMELS_spat_NH/CAMELS_spat_USA/09312600.csv already exists
File ../CAMELS_spat_NH/CAMELS_spat_USA/09352900.csv already exists
File ../CAMELS_spat_NH/CAMELS_spat_USA/09378170.csv already exists
File ../CAMELS_spat_NH/CAMELS_spat_USA/09378630.csv already exists
File ../CAMELS_spat_NH/CAMELS_spat_USA/09386900.csv already exists
File ../CAMELS_spat_NH/CAMELS_spat_USA/09404450.csv already exists
File ../CAMELS_spat_NH/CAMELS_spat_USA/09430500.csv already exists
File ../CAMELS_spat_NH/CAMELS_spat_USA/09430600.csv already exists
File ../CAMELS_spat_NH/CAMELS_spat_USA/09447800.csv already exists
File ../CAMELS_spat_NH/CAMELS_spat_USA/09480000.csv already exists
File ../CAMELS_spat_NH/CAMELS_spat_USA/09484000.csv already exists
File ../CAMELS_spat_NH/CAMELS_spat_USA/09484600.csv already exists
File ../CAMELS_spat_NH/CAMELS_spat_USA/09492400.csv already exists
File ../CAMELS_spat_NH/CAMELS_spat_USA/09494000.csv already exists
File ../CAMELS_spat_NH/CAMELS_spat_USA/09497800.csv already exists
File ../CAMELS_spat_NH/CAMELS_spat_USA/09497980.csv already exists
File ../CAMELS_spat_NH/CAMELS_spat_USA/09505200.csv already exists
File ../CAMELS_spat_NH/CAMELS_spat_USA/09505350.csv already exists
File ../CAMELS_spat_NH/CAMELS_spat_USA/09505800.csv already exists
File ../CAMELS_spat_NH/CAMELS_spat_USA/09508300.csv already exists
File ../CAMELS_spat_NH/CAMELS_spat_USA/09510200.csv already exists
File ../CAMELS_spat_NH/CAMELS_spat_USA/09512280.csv already exists
File ../CAMELS_spat_NH/CAMELS_spat_USA/09513780.csv already exists
File ../CAMELS_spat_NH/CAMELS_spat_USA/10023000.csv already exists
File ../CAMELS_spat_NH/CAMELS_spat_USA/10166430.csv already exists
File ../CAMELS_spat_NH/CAMELS_spat_USA/10172700.csv already exists
File ../CAMELS_spat_NH/CAMELS_spat_USA/10172800.csv already exists
File ../CAMELS_spat_NH/CAMELS_spat_USA/10173450.csv already exists
File ../CAMELS_spat_NH/CAMELS_spat_USA/10205030.csv already exists
File ../CAMELS_spat_NH/CAMELS_spat_USA/10234500.csv already exists
File ../CAMELS_spat_NH/CAMELS_spat_USA/10242000.csv already exists
File ../CAMELS_spat_NH/CAMELS_spat_USA/10244950.csv already exists
File ../CAMELS_spat_NH/CAMELS_spat_USA/10249300.csv already exists
File ../CAMELS_spat_NH/CAMELS_spat_USA/10258000.csv already exists
File ../CAMELS_spat_NH/CAMELS_spat_USA/10258500.csv already exists
File ../CAMELS_spat_NH/CAMELS_spat_USA/10259000.csv already exists
File ../CAMELS_spat_NH/CAMELS_spat_USA/10259200.csv already exists
File ../CAMELS_spat_NH/CAMELS_spat_USA/10263500.csv already exists
File ../CAMELS_spat_NH/CAMELS_spat_USA/10310500.csv already exists
File ../CAMELS_spat_NH/CAMELS_spat_USA/10316500.csv already exists
File ../CAMELS_spat_NH/CAMELS_spat_USA/10329500.csv already exists
File ../CAMELS_spat_NH/CAMELS_spat_USA/10336645.csv already exists
File ../CAMELS_spat_NH/CAMELS_spat_USA/10336660.csv already exists
File ../CAMELS_spat_NH/CAMELS_spat_USA/10336740.csv already exists
File ../CAMELS_spat_NH/CAMELS_spat_USA/10343500.csv already exists
File ../CAMELS_spat_NH/CAMELS_spat_USA/10348850.csv already exists
File ../CAMELS_spat_NH/CAMELS_spat_USA/10396000.csv already exists
File ../CAMELS_spat_NH/CAMELS_spat_USA/11098000.csv already exists
File ../CAMELS_spat_NH/CAMELS_spat_USA/11124500.csv already exists
File ../CAMELS_spat_NH/CAMELS_spat_USA/11141280.csv already exists
File ../CAMELS_spat_NH/CAMELS_spat_USA/11143000.csv already exists
File ../CAMELS_spat_NH/CAMELS_spat_USA/11148900.csv already exists
File ../CAMELS_spat_NH/CAMELS_spat_USA/11151300.csv already exists
File ../CAMELS_spat_NH/CAMELS_spat_USA/11162500.csv already exists
File ../CAMELS_spat_NH/CAMELS_spat_USA/11176400.csv already exists
File ../CAMELS_spat_NH/CAMELS_spat_USA/11180500.csv already exists
File ../CAMELS_spat_NH/CAMELS_spat_USA/11180960.csv already exists
File ../CAMELS_spat_NH/CAMELS_spat_USA/11224500.csv already exists
File ../CAMELS_spat_NH/CAMELS_spat_USA/11253310.csv already exists
File ../CAMELS_spat_NH/CAMELS_spat_USA/11264500.csv already exists
File ../CAMELS_spat_NH/CAMELS_spat_USA/11266500.csv already exists
File ../CAMELS_spat_NH/CAMELS_spat_USA/11274500.csv already exists
File ../CAMELS_spat_NH/CAMELS_spat_USA/11274630.csv already exists
File ../CAMELS_spat_NH/CAMELS_spat_USA/11284400.csv already exists
File ../CAMELS_spat_NH/CAMELS_spat_USA/11299600.csv already exists
File ../CAMELS_spat_NH/CAMELS_spat_USA/11381500.csv already exists
File ../CAMELS_spat_NH/CAMELS_spat_USA/11383500.csv already exists
File ../CAMELS_spat_NH/CAMELS_spat_USA/11451100.csv already exists
File ../CAMELS_spat_NH/CAMELS_spat_USA/11468500.csv already exists
File ../CAMELS_spat_NH/CAMELS_spat_USA/11473900.csv already exists
File ../CAMELS_spat_NH/CAMELS_spat_USA/11475560.csv already exists
File ../CAMELS_spat_NH/CAMELS_spat_USA/11476600.csv already exists
File ../CAMELS_spat_NH/CAMELS_spat_USA/11478500.csv already exists
File ../CAMELS_spat_NH/CAMELS_spat_USA/11480390.csv already exists
File ../CAMELS_spat_NH/CAMELS_spat_USA/11481200.csv already exists
File ../CAMELS_spat_NH/CAMELS_spat_USA/11482500.csv already exists
File ../CAMELS_spat_NH/CAMELS_spat_USA/11522500.csv already exists
File ../CAMELS_spat_NH/CAMELS_spat_USA/11523200.csv already exists
File ../CAMELS_spat_NH/CAMELS_spat_USA/11528700.csv already exists
File ../CAMELS_spat_NH/CAMELS_spat_USA/11532500.csv already exists
File ../CAMELS_spat_NH/CAMELS_spat_USA/12010000.csv already exists
File ../CAMELS_spat_NH/CAMELS_spat_USA/12013500.csv already exists
File ../CAMELS_spat_NH/CAMELS_spat_USA/12020000.csv already exists
File ../CAMELS_spat_NH/CAMELS_spat_USA/12025000.csv already exists
File ../CAMELS_spat_NH/CAMELS_spat_USA/12025700.csv already exists
File ../CAMELS_spat_NH/CAMELS_spat_USA/12035000.csv already exists
File ../CAMELS_spat_NH/CAMELS_spat_USA/12040500.csv already exists
File ../CAMELS_spat_NH/CAMELS_spat_USA/12041200.csv already exists
File ../CAMELS_spat_NH/CAMELS_spat_USA/12043000.csv already exists
File ../CAMELS_spat_NH/CAMELS_spat_USA/12048000.csv already exists
File ../CAMELS_spat_NH/CAMELS_spat_USA/12054000.csv already exists
File ../CAMELS_spat_NH/CAMELS_spat_USA/12056500.csv already exists
File ../CAMELS_spat_NH/CAMELS_spat_USA/12073500.csv already exists
File ../CAMELS_spat_NH/CAMELS_spat_USA/12082500.csv already exists
File ../CAMELS_spat_NH/CAMELS_spat_USA/12092000.csv already exists
File ../CAMELS_spat_NH/CAMELS_spat_USA/12095000.csv already exists
File ../CAMELS_spat_NH/CAMELS_spat_USA/12114500.csv already exists
File ../CAMELS_spat_NH/CAMELS_spat_USA/12115000.csv already exists
File ../CAMELS_spat_NH/CAMELS_spat_USA/12115500.csv already exists
File ../CAMELS_spat_NH/CAMELS_spat_USA/12117000.csv already exists
File ../CAMELS_spat_NH/CAMELS_spat_USA/12141300.csv already exists
File ../CAMELS_spat_NH/CAMELS_spat_USA/12143600.csv already exists
File ../CAMELS_spat_NH/CAMELS_spat_USA/12144000.csv already exists
File ../CAMELS_spat_NH/CAMELS_spat_USA/12145500.csv already exists
File ../CAMELS_spat_NH/CAMELS_spat_USA/12147500.csv already exists
File ../CAMELS_spat_NH/CAMELS_spat_USA/12147600.csv already exists
File ../CAMELS_spat_NH/CAMELS_spat_USA/12167000.csv already exists
File ../CAMELS_spat_NH/CAMELS_spat_USA/12175500.csv already exists
File ../CAMELS_spat_NH/CAMELS_spat_USA/12178100.csv already exists
File ../CAMELS_spat_NH/CAMELS_spat_USA/12186000.csv already exists
File ../CAMELS_spat_NH/CAMELS_spat_USA/12189500.csv already exists
File ../CAMELS_spat_NH/CAMELS_spat_USA/12358500.csv already exists
File ../CAMELS_spat_NH/CAMELS_spat_USA/12374250.csv already exists
File ../CAMELS_spat_NH/CAMELS_spat_USA/12375900.csv already exists
File ../CAMELS_spat_NH/CAMELS_spat_USA/12377150.csv already exists
File ../CAMELS_spat_NH/CAMELS_spat_USA/12381400.csv already exists
File ../CAMELS_spat_NH/CAMELS_spat_USA/12383500.csv already exists
File ../CAMELS_spat_NH/CAMELS_spat_USA/12388400.csv already exists
File ../CAMELS_spat_NH/CAMELS_spat_USA/12390700.csv already exists
File ../CAMELS_spat_NH/CAMELS_spat_USA/12411000.csv already exists
File ../CAMELS_spat_NH/CAMELS_spat_USA/12414500.csv already exists
File ../CAMELS_spat_NH/CAMELS_spat_USA/12447390.csv already exists
File ../CAMELS_spat_NH/CAMELS_spat_USA/12451000.csv already exists
File ../CAMELS_spat_NH/CAMELS_spat_USA/12488500.csv already exists
File ../CAMELS_spat_NH/CAMELS_spat_USA/13011500.csv already exists
File ../CAMELS_spat_NH/CAMELS_spat_USA/13011900.csv already exists
File ../CAMELS_spat_NH/CAMELS_spat_USA/13018300.csv already exists
File ../CAMELS_spat_NH/CAMELS_spat_USA/13023000.csv already exists
File ../CAMELS_spat_NH/CAMELS_spat_USA/13083000.csv already exists
File ../CAMELS_spat_NH/CAMELS_spat_USA/13161500.csv already exists
File ../CAMELS_spat_NH/CAMELS_spat_USA/13235000.csv already exists
File ../CAMELS_spat_NH/CAMELS_spat_USA/13240000.csv already exists
File ../CAMELS_spat_NH/CAMELS_spat_USA/13310700.csv already exists
File ../CAMELS_spat_NH/CAMELS_spat_USA/13313000.csv already exists
File ../CAMELS_spat_NH/CAMELS_spat_USA/13331500.csv already exists
File ../CAMELS_spat_NH/CAMELS_spat_USA/13337000.csv already exists
File ../CAMELS_spat_NH/CAMELS_spat_USA/13338500.csv already exists
File ../CAMELS_spat_NH/CAMELS_spat_USA/13340600.csv already exists
File ../CAMELS_spat_NH/CAMELS_spat_USA/14020000.csv already exists
File ../CAMELS_spat_NH/CAMELS_spat_USA/14092750.csv already exists
File ../CAMELS_spat_NH/CAMELS_spat_USA/14096850.csv already exists
File ../CAMELS_spat_NH/CAMELS_spat_USA/14137000.csv already exists
File ../CAMELS_spat_NH/CAMELS_spat_USA/14138800.csv already exists
File ../CAMELS_spat_NH/CAMELS_spat_USA/14138870.csv already exists
File ../CAMELS_spat_NH/CAMELS_spat_USA/14138900.csv already exists
File ../CAMELS_spat_NH/CAMELS_spat_USA/14139800.csv already exists
File ../CAMELS_spat_NH/CAMELS_spat_USA/14141500.csv already exists
File ../CAMELS_spat_NH/CAMELS_spat_USA/14154500.csv already exists
File ../CAMELS_spat_NH/CAMELS_spat_USA/14158500.csv already exists
File ../CAMELS_spat_NH/CAMELS_spat_USA/14158790.csv already exists
File ../CAMELS_spat_NH/CAMELS_spat_USA/14166500.csv already exists
File ../CAMELS_spat_NH/CAMELS_spat_USA/14182500.csv already exists
File ../CAMELS_spat_NH/CAMELS_spat_USA/14185000.csv already exists
File ../CAMELS_spat_NH/CAMELS_spat_USA/14185900.csv already exists
File ../CAMELS_spat_NH/CAMELS_spat_USA/14187000.csv already exists
File ../CAMELS_spat_NH/CAMELS_spat_USA/14216500.csv already exists
File ../CAMELS_spat_NH/CAMELS_spat_USA/14222500.csv already exists
File ../CAMELS_spat_NH/CAMELS_spat_USA/14236200.csv already exists
File ../CAMELS_spat_NH/CAMELS_spat_USA/14301000.csv already exists
File ../CAMELS_spat_NH/CAMELS_spat_USA/14303200.csv already exists
File ../CAMELS_spat_NH/CAMELS_spat_USA/14305500.csv already exists
File ../CAMELS_spat_NH/CAMELS_spat_USA/14306340.csv already exists
File ../CAMELS_spat_NH/CAMELS_spat_USA/14306500.csv already exists
File ../CAMELS_spat_NH/CAMELS_spat_USA/14308990.csv already exists
File ../CAMELS_spat_NH/CAMELS_spat_USA/14309500.csv already exists
File ../CAMELS_spat_NH/CAMELS_spat_USA/14316700.csv already exists
File ../CAMELS_spat_NH/CAMELS_spat_USA/14325000.csv already exists
File ../CAMELS_spat_NH/CAMELS_spat_USA/14362250.csv already exists
File ../CAMELS_spat_NH/CAMELS_spat_USA/14400000.csv already exists
Basins to process: 251
Processing CAN...
slurmstepd: error: *** JOB 475357 ON cnicgiwscpu001 CANCELLED AT 2024-05-27T22:17:30 ***
